<?xml version="1.0" encoding="UTF-8"?>
<robot generator="Robot 4.1.2 (Python 3.9.7 on win32)" generated="20220626 22:36:42.354" rpa="false" schemaversion="2">
<suite id="s1" name="Abas" source="C:\GitHubProjetos\robot_framework\teste_appium\abas.robot">
<kw name="Open Test Application" library="base" type="SETUP">
<kw name="Open Application" library="AppiumLibrary">
<arg>http://127.0.0.1:4723/wd/hub</arg>
<arg>automationName=${ANDROID_AUTOMATION_NAME}</arg>
<arg>platformName=${ANDROID_PLATFORM_NAME}</arg>
<arg>deviceName=${ANDROID_DEVICENAME}</arg>
<arg>appPackage=${ANDROID_APPPACKAGE}</arg>
<arg>appActivity=com.ctappium.MainActivity</arg>
<arg>noReset=True</arg>
<arg>chromedriverExecutable=${CHROME_DRIVER}</arg>
<arg>nativeWebScreenshot=True</arg>
<doc>Opens a new application to given Appium server.
Capabilities of appium server, Android and iOS,
Please check https://github.com/appium/appium/blob/master/docs/en/writing-running-appium/server-args.md
| *Option*            | *Man.* | *Description*     |
| remote_url          | Yes    | Appium server url |
| alias               | no     | alias             |</doc>
<kw name="Capture Page Screenshot" library="AppiumLibrary">
<doc>Takes a screenshot of the current page and embeds it into the log.</doc>
<msg timestamp="20220626 22:36:54.120" level="FAIL">No application is open</msg>
<status status="FAIL" starttime="20220626 22:36:54.117" endtime="20220626 22:36:54.120"/>
</kw>
<msg timestamp="20220626 22:36:54.122" level="WARN">Keyword 'Capture Page Screenshot' could not be run on failure: No application is open</msg>
<msg timestamp="20220626 22:36:54.127" level="FAIL">WebDriverException: Message: An unknown server-side error occurred while processing the command. Original error: Cannot start the 'com.ctappium' application. Visit https://github.com/appium/appium/blob/master/docs/en/writing-running-appium/android/activity-startup.md for troubleshooting. Original error: Cannot start the 'com.ctappium' application. Visit https://github.com/appium/appium/blob/master/docs/en/writing-running-appium/android/activity-startup.md for troubleshooting. Original error: Activity name '.com.ctappium.MainActivity' used to start the app doesn't exist or cannot be launched! Make sure it exists and is a launchable activity
</msg>
<status status="FAIL" starttime="20220626 22:36:42.779" endtime="20220626 22:36:54.127"/>
</kw>
<kw name="Remove Files" library="OperatingSystem">
<arg>${PATH_SCREENSHOTS}/*.png</arg>
<doc>Uses `Remove File` to remove multiple files one-by-one.</doc>
<status status="NOT RUN" starttime="20220626 22:36:54.128" endtime="20220626 22:36:54.128"/>
</kw>
<kw name="Remove Files" library="OperatingSystem">
<arg>${PATH_VIDEOS}/*.gif</arg>
<doc>Uses `Remove File` to remove multiple files one-by-one.</doc>
<status status="NOT RUN" starttime="20220626 22:36:54.128" endtime="20220626 22:36:54.128"/>
</kw>
<kw name="Set Screenshot Directory" library="ScreenCapLibrary">
<arg>${PATH_VIDEOS}</arg>
<doc>Sets the directory where screenshots are saved.</doc>
<status status="NOT RUN" starttime="20220626 22:36:54.128" endtime="20220626 22:36:54.128"/>
</kw>
<kw name="Start Gif Recording" library="ScreenCapLibrary">
<arg>embed_width=1200px</arg>
<arg>size_percentage=1</arg>
<doc>Starts the recording of a GIF in the background with the specified ``name``.
The recording can be stopped by calling the `Stop Gif Recording` keyword.</doc>
<status status="NOT RUN" starttime="20220626 22:36:54.128" endtime="20220626 22:36:54.128"/>
</kw>
<status status="FAIL" starttime="20220626 22:36:42.778" endtime="20220626 22:36:54.128"/>
</kw>
<test id="s1-t1" name="Valida a interação com abas">
<status status="FAIL" starttime="20220626 22:36:54.128" endtime="20220626 22:36:54.129">Parent suite setup failed:
WebDriverException: Message: An unknown server-side error occurred while processing the command. Original error: Cannot start the 'com.ctappium' application. Visit https://github.com/appium/appium/blob/master/docs/en/writing-running-appium/android/activity-startup.md for troubleshooting. Original error: Cannot start the 'com.ctappium' application. Visit https://github.com/appium/appium/blob/master/docs/en/writing-running-appium/android/activity-startup.md for troubleshooting. Original error: Activity name '.com.ctappium.MainActivity' used to start the app doesn't exist or cannot be launched! Make sure it exists and is a launchable activity
</status>
</test>
<kw name="Run Keywords" library="BuiltIn" type="TEARDOWN">
<arg>Stop Gif Recording</arg>
<arg>Close Application</arg>
<doc>Executes all the given keywords in a sequence.</doc>
<kw name="Stop Gif Recording" library="ScreenCapLibrary">
<doc>Stops the GIF recording and generates the file. If ``embed`` argument was set to ``True`` the
GIF will be displayed in the log file.</doc>
<msg timestamp="20220626 22:36:54.136" level="FAIL">No gif recordings are started!</msg>
<status status="FAIL" starttime="20220626 22:36:54.134" endtime="20220626 22:36:54.136"/>
</kw>
<kw name="Close Application" library="AppiumLibrary">
<doc>Closes the current application and also close webdriver session.</doc>
<kw name="Capture Page Screenshot" library="AppiumLibrary">
<doc>Takes a screenshot of the current page and embeds it into the log.</doc>
<msg timestamp="20220626 22:36:54.138" level="FAIL">No application is open</msg>
<status status="FAIL" starttime="20220626 22:36:54.137" endtime="20220626 22:36:54.139"/>
</kw>
<msg timestamp="20220626 22:36:54.141" level="WARN">Keyword 'Capture Page Screenshot' could not be run on failure: No application is open</msg>
<msg timestamp="20220626 22:36:54.143" level="FAIL">No application is open</msg>
<status status="FAIL" starttime="20220626 22:36:54.136" endtime="20220626 22:36:54.143"/>
</kw>
<status status="FAIL" starttime="20220626 22:36:54.134" endtime="20220626 22:36:54.143">Several failures occurred:

1) No gif recordings are started!

2) No application is open</status>
</kw>
<doc>Teste para validar cliques nas abas</doc>
<status status="FAIL" starttime="20220626 22:36:42.355" endtime="20220626 22:36:54.143">Suite setup failed:
WebDriverException: Message: An unknown server-side error occurred while processing the command. Original error: Cannot start the 'com.ctappium' application. Visit https://github.com/appium/appium/blob/master/docs/en/writing-running-appium/android/activity-startup.md for troubleshooting. Original error: Cannot start the 'com.ctappium' application. Visit https://github.com/appium/appium/blob/master/docs/en/writing-running-appium/android/activity-startup.md for troubleshooting. Original error: Activity name '.com.ctappium.MainActivity' used to start the app doesn't exist or cannot be launched! Make sure it exists and is a launchable activity


Also suite teardown failed:
Several failures occurred:

1) No gif recordings are started!

2) No application is open</status>
</suite>
<statistics>
<total>
<stat pass="0" fail="1" skip="0">All Tests</stat>
</total>
<tag>
</tag>
<suite>
<stat pass="0" fail="1" skip="0" id="s1" name="Abas">Abas</stat>
</suite>
</statistics>
<errors>
<msg timestamp="20220626 22:36:54.122" level="WARN">Keyword 'Capture Page Screenshot' could not be run on failure: No application is open</msg>
<msg timestamp="20220626 22:36:54.141" level="WARN">Keyword 'Capture Page Screenshot' could not be run on failure: No application is open</msg>
</errors>
</robot>
