<?xml version="1.0" encoding="UTF-8"?>
<robot generator="Robot 4.1.1 (Python 3.9.7 on win32)" generated="20211009 15:13:15.286" rpa="false" schemaversion="2">
<suite id="s1" name="Contas &amp; Login Invalido &amp; Movimentacoes">
<suite id="s1-s1" name="Contas" source="C:\GitHubProjetos\curso_robot_framework\curso_robot_framework\teste_selenium\contas.robot">
<kw name="Abrir navegador na página de exemplo" library="login" type="SETUP">
<kw name="Open Browser" library="SeleniumLibrary">
<arg>${URL_PAGINA}</arg>
<arg>${NAVEGADOR_CHROME}</arg>
<doc>Opens a new browser instance to the optional ``url``.</doc>
<msg timestamp="20211009 15:13:15.498" level="INFO">Opening browser 'chrome' to base url 'https://barrigareact.wcaquino.me/'.</msg>
<status status="PASS" starttime="20211009 15:13:15.498" endtime="20211009 15:13:19.189"/>
</kw>
<kw name="Maximize Browser Window" library="SeleniumLibrary">
<doc>Maximizes current browser window.</doc>
<status status="PASS" starttime="20211009 15:13:19.189" endtime="20211009 15:13:19.332"/>
</kw>
<kw name="Remove Files" library="OperatingSystem">
<arg>${PATH_SCREENSHOTS}/*.png</arg>
<doc>Uses `Remove File` to remove multiple files one-by-one.</doc>
<msg timestamp="20211009 15:13:19.332" level="INFO" html="true">File '&lt;a href="file://C:\GitHubProjetos\curso_robot_framework\curso_robot_framework\results\screenshots\*.png"&gt;C:\GitHubProjetos\curso_robot_framework\curso_robot_framework\results\screenshots\*.png&lt;/a&gt;' does not exist.</msg>
<status status="PASS" starttime="20211009 15:13:19.332" endtime="20211009 15:13:19.332"/>
</kw>
<kw name="Set Screenshot Directory" library="SeleniumLibrary">
<arg>${PATH_SCREENSHOTS}</arg>
<doc>Sets the directory for captured screenshots.</doc>
<status status="PASS" starttime="20211009 15:13:19.332" endtime="20211009 15:13:19.332"/>
</kw>
<status status="PASS" starttime="20211009 15:13:15.498" endtime="20211009 15:13:19.332"/>
</kw>
<test id="s1-s1-t1" name="Criar uma conta com nome válido">
<kw name="Fazer login no sistema e resetar banco de dados" library="login" type="SETUP">
<kw name="Informar usuário e senha" library="login">
<kw name="Input Text" library="SeleniumLibrary">
<arg>${INPUT_EMAIL}</arg>
<arg>${EMAIL}</arg>
<doc>Types the given ``text`` into the text field identified by ``locator``.</doc>
<msg timestamp="20211009 15:13:19.332" level="INFO">Typing text 'caio@caio' into text field '//*[@data-test="email"]'.</msg>
<status status="PASS" starttime="20211009 15:13:19.332" endtime="20211009 15:13:19.457"/>
</kw>
<kw name="Input Text" library="SeleniumLibrary">
<arg>${INPUT_SENHA}</arg>
<arg>${SENHA}</arg>
<doc>Types the given ``text`` into the text field identified by ``locator``.</doc>
<msg timestamp="20211009 15:13:19.457" level="INFO">Typing text '123' into text field '//*[@data-test="passwd"]'.</msg>
<status status="PASS" starttime="20211009 15:13:19.457" endtime="20211009 15:13:19.514"/>
</kw>
<status status="PASS" starttime="20211009 15:13:19.332" endtime="20211009 15:13:19.522"/>
</kw>
<kw name="Fazer login" library="login">
<kw name="Click Element" library="SeleniumLibrary">
<arg>${BTN_LOGIN}</arg>
<doc>Click the element identified by ``locator``.</doc>
<msg timestamp="20211009 15:13:19.522" level="INFO">Clicking element 'class=btn'.</msg>
<status status="PASS" starttime="20211009 15:13:19.522" endtime="20211009 15:13:19.554"/>
</kw>
<status status="PASS" starttime="20211009 15:13:19.522" endtime="20211009 15:13:19.554"/>
</kw>
<kw name="Wait Until Keyword Succeeds" library="BuiltIn">
<arg>20s</arg>
<arg>200ms</arg>
<arg>Valida mensagem de cliente logado com sucesso</arg>
<doc>Runs the specified keyword and retries if it fails.</doc>
<kw name="Valida mensagem de cliente logado com sucesso" library="head">
<kw name="Element Should Be Visible" library="SeleniumLibrary">
<arg>${ALERT_MENSAGEM}</arg>
<doc>Verifies that the element identified by ``locator`` is visible.</doc>
<msg timestamp="20211009 15:13:19.570" level="FAIL">Element with locator 'class=toast-message' not found.</msg>
<status status="FAIL" starttime="20211009 15:13:19.554" endtime="20211009 15:13:19.570"/>
</kw>
<kw name="Element Should Contain" library="SeleniumLibrary">
<arg>${ALERT_MENSAGEM}</arg>
<arg>${MENSAGEM_LOGADO_SUCESSO}</arg>
<doc>Verifies that element ``locator`` contains text ``expected``.</doc>
<status status="NOT RUN" starttime="20211009 15:13:19.570" endtime="20211009 15:13:19.570"/>
</kw>
<kw name="Click Element" library="SeleniumLibrary">
<arg>${BTN_CLOSE_MENSAGEM}</arg>
<doc>Click the element identified by ``locator``.</doc>
<status status="NOT RUN" starttime="20211009 15:13:19.570" endtime="20211009 15:13:19.570"/>
</kw>
<status status="FAIL" starttime="20211009 15:13:19.554" endtime="20211009 15:13:19.578"/>
</kw>
<kw name="Valida mensagem de cliente logado com sucesso" library="head">
<kw name="Element Should Be Visible" library="SeleniumLibrary">
<arg>${ALERT_MENSAGEM}</arg>
<doc>Verifies that the element identified by ``locator`` is visible.</doc>
<msg timestamp="20211009 15:13:19.797" level="FAIL">Element with locator 'class=toast-message' not found.</msg>
<status status="FAIL" starttime="20211009 15:13:19.788" endtime="20211009 15:13:19.797"/>
</kw>
<kw name="Element Should Contain" library="SeleniumLibrary">
<arg>${ALERT_MENSAGEM}</arg>
<arg>${MENSAGEM_LOGADO_SUCESSO}</arg>
<doc>Verifies that element ``locator`` contains text ``expected``.</doc>
<status status="NOT RUN" starttime="20211009 15:13:19.797" endtime="20211009 15:13:19.797"/>
</kw>
<kw name="Click Element" library="SeleniumLibrary">
<arg>${BTN_CLOSE_MENSAGEM}</arg>
<doc>Click the element identified by ``locator``.</doc>
<status status="NOT RUN" starttime="20211009 15:13:19.797" endtime="20211009 15:13:19.797"/>
</kw>
<status status="FAIL" starttime="20211009 15:13:19.788" endtime="20211009 15:13:19.797"/>
</kw>
<kw name="Valida mensagem de cliente logado com sucesso" library="head">
<kw name="Element Should Be Visible" library="SeleniumLibrary">
<arg>${ALERT_MENSAGEM}</arg>
<doc>Verifies that the element identified by ``locator`` is visible.</doc>
<msg timestamp="20211009 15:13:20.028" level="FAIL">Element with locator 'class=toast-message' not found.</msg>
<status status="FAIL" starttime="20211009 15:13:20.013" endtime="20211009 15:13:20.028"/>
</kw>
<kw name="Element Should Contain" library="SeleniumLibrary">
<arg>${ALERT_MENSAGEM}</arg>
<arg>${MENSAGEM_LOGADO_SUCESSO}</arg>
<doc>Verifies that element ``locator`` contains text ``expected``.</doc>
<status status="NOT RUN" starttime="20211009 15:13:20.028" endtime="20211009 15:13:20.028"/>
</kw>
<kw name="Click Element" library="SeleniumLibrary">
<arg>${BTN_CLOSE_MENSAGEM}</arg>
<doc>Click the element identified by ``locator``.</doc>
<status status="NOT RUN" starttime="20211009 15:13:20.028" endtime="20211009 15:13:20.028"/>
</kw>
<status status="FAIL" starttime="20211009 15:13:20.013" endtime="20211009 15:13:20.028"/>
</kw>
<kw name="Valida mensagem de cliente logado com sucesso" library="head">
<kw name="Element Should Be Visible" library="SeleniumLibrary">
<arg>${ALERT_MENSAGEM}</arg>
<doc>Verifies that the element identified by ``locator`` is visible.</doc>
<msg timestamp="20211009 15:13:20.244" level="FAIL">Element with locator 'class=toast-message' not found.</msg>
<status status="FAIL" starttime="20211009 15:13:20.229" endtime="20211009 15:13:20.244"/>
</kw>
<kw name="Element Should Contain" library="SeleniumLibrary">
<arg>${ALERT_MENSAGEM}</arg>
<arg>${MENSAGEM_LOGADO_SUCESSO}</arg>
<doc>Verifies that element ``locator`` contains text ``expected``.</doc>
<status status="NOT RUN" starttime="20211009 15:13:20.244" endtime="20211009 15:13:20.244"/>
</kw>
<kw name="Click Element" library="SeleniumLibrary">
<arg>${BTN_CLOSE_MENSAGEM}</arg>
<doc>Click the element identified by ``locator``.</doc>
<status status="NOT RUN" starttime="20211009 15:13:20.244" endtime="20211009 15:13:20.244"/>
</kw>
<status status="FAIL" starttime="20211009 15:13:20.229" endtime="20211009 15:13:20.244"/>
</kw>
<kw name="Valida mensagem de cliente logado com sucesso" library="head">
<kw name="Element Should Be Visible" library="SeleniumLibrary">
<arg>${ALERT_MENSAGEM}</arg>
<doc>Verifies that the element identified by ``locator`` is visible.</doc>
<msg timestamp="20211009 15:13:20.446" level="FAIL">Element with locator 'class=toast-message' not found.</msg>
<status status="FAIL" starttime="20211009 15:13:20.446" endtime="20211009 15:13:20.446"/>
</kw>
<kw name="Element Should Contain" library="SeleniumLibrary">
<arg>${ALERT_MENSAGEM}</arg>
<arg>${MENSAGEM_LOGADO_SUCESSO}</arg>
<doc>Verifies that element ``locator`` contains text ``expected``.</doc>
<status status="NOT RUN" starttime="20211009 15:13:20.446" endtime="20211009 15:13:20.446"/>
</kw>
<kw name="Click Element" library="SeleniumLibrary">
<arg>${BTN_CLOSE_MENSAGEM}</arg>
<doc>Click the element identified by ``locator``.</doc>
<status status="NOT RUN" starttime="20211009 15:13:20.446" endtime="20211009 15:13:20.446"/>
</kw>
<status status="FAIL" starttime="20211009 15:13:20.446" endtime="20211009 15:13:20.462"/>
</kw>
<kw name="Valida mensagem de cliente logado com sucesso" library="head">
<kw name="Element Should Be Visible" library="SeleniumLibrary">
<arg>${ALERT_MENSAGEM}</arg>
<doc>Verifies that the element identified by ``locator`` is visible.</doc>
<msg timestamp="20211009 15:13:20.683" level="FAIL">Element with locator 'class=toast-message' not found.</msg>
<status status="FAIL" starttime="20211009 15:13:20.677" endtime="20211009 15:13:20.683"/>
</kw>
<kw name="Element Should Contain" library="SeleniumLibrary">
<arg>${ALERT_MENSAGEM}</arg>
<arg>${MENSAGEM_LOGADO_SUCESSO}</arg>
<doc>Verifies that element ``locator`` contains text ``expected``.</doc>
<status status="NOT RUN" starttime="20211009 15:13:20.683" endtime="20211009 15:13:20.683"/>
</kw>
<kw name="Click Element" library="SeleniumLibrary">
<arg>${BTN_CLOSE_MENSAGEM}</arg>
<doc>Click the element identified by ``locator``.</doc>
<status status="NOT RUN" starttime="20211009 15:13:20.683" endtime="20211009 15:13:20.683"/>
</kw>
<status status="FAIL" starttime="20211009 15:13:20.677" endtime="20211009 15:13:20.683"/>
</kw>
<kw name="Valida mensagem de cliente logado com sucesso" library="head">
<kw name="Element Should Be Visible" library="SeleniumLibrary">
<arg>${ALERT_MENSAGEM}</arg>
<doc>Verifies that the element identified by ``locator`` is visible.</doc>
<msg timestamp="20211009 15:13:20.926" level="INFO">Element 'class=toast-message' is displayed.</msg>
<status status="PASS" starttime="20211009 15:13:20.883" endtime="20211009 15:13:20.926"/>
</kw>
<kw name="Element Should Contain" library="SeleniumLibrary">
<arg>${ALERT_MENSAGEM}</arg>
<arg>${MENSAGEM_LOGADO_SUCESSO}</arg>
<doc>Verifies that element ``locator`` contains text ``expected``.</doc>
<msg timestamp="20211009 15:13:20.942" level="INFO">Element 'class=toast-message' contains text 'Bem vindo'.</msg>
<status status="PASS" starttime="20211009 15:13:20.926" endtime="20211009 15:13:20.942"/>
</kw>
<kw name="Click Element" library="SeleniumLibrary">
<arg>${BTN_CLOSE_MENSAGEM}</arg>
<doc>Click the element identified by ``locator``.</doc>
<msg timestamp="20211009 15:13:20.942" level="INFO">Clicking element 'class=toast-close-button'.</msg>
<status status="PASS" starttime="20211009 15:13:20.942" endtime="20211009 15:13:20.982"/>
</kw>
<status status="PASS" starttime="20211009 15:13:20.883" endtime="20211009 15:13:20.982"/>
</kw>
<status status="PASS" starttime="20211009 15:13:19.554" endtime="20211009 15:13:20.982"/>
</kw>
<kw name="Resetar banco de dados" library="head">
<kw name="Wait Until Element Is Visible" library="SeleniumLibrary">
<arg>${SETTINGS}</arg>
<arg>20s</arg>
<doc>Waits until the element ``locator`` is visible.</doc>
<status status="PASS" starttime="20211009 15:13:20.982" endtime="20211009 15:13:20.998"/>
</kw>
<kw name="Click Element" library="SeleniumLibrary">
<arg>${SETTINGS}</arg>
<doc>Click the element identified by ``locator``.</doc>
<msg timestamp="20211009 15:13:20.998" level="INFO">Clicking element '//*[@data-test="menu-settings"]'.</msg>
<status status="PASS" starttime="20211009 15:13:20.998" endtime="20211009 15:13:21.038"/>
</kw>
<kw name="Wait Until Element Is Visible" library="SeleniumLibrary">
<arg>${RESETAR}</arg>
<arg>20s</arg>
<doc>Waits until the element ``locator`` is visible.</doc>
<status status="PASS" starttime="20211009 15:13:21.038" endtime="20211009 15:13:21.054"/>
</kw>
<kw name="Click Element" library="SeleniumLibrary">
<arg>${RESETAR}</arg>
<doc>Click the element identified by ``locator``.</doc>
<msg timestamp="20211009 15:13:21.054" level="INFO">Clicking element '//*[@href="/reset"]'.</msg>
<status status="PASS" starttime="20211009 15:13:21.054" endtime="20211009 15:13:21.094"/>
</kw>
<status status="PASS" starttime="20211009 15:13:20.982" endtime="20211009 15:13:21.094"/>
</kw>
<kw name="Wait Until Keyword Succeeds" library="BuiltIn">
<arg>20s</arg>
<arg>200ms</arg>
<arg>Valida mensagem de banco de dados resetado com sucesso</arg>
<doc>Runs the specified keyword and retries if it fails.</doc>
<kw name="Valida mensagem de banco de dados resetado com sucesso" library="head">
<kw name="Element Should Be Visible" library="SeleniumLibrary">
<arg>${ALERT_MENSAGEM}</arg>
<doc>Verifies that the element identified by ``locator`` is visible.</doc>
<msg timestamp="20211009 15:13:21.110" level="INFO">Element 'class=toast-message' is displayed.</msg>
<status status="PASS" starttime="20211009 15:13:21.094" endtime="20211009 15:13:21.110"/>
</kw>
<kw name="Element Should Contain" library="SeleniumLibrary">
<arg>${ALERT_MENSAGEM}</arg>
<arg>${MENSAGEM_BANCO_RESETADO_SUCESSO}</arg>
<doc>Verifies that element ``locator`` contains text ``expected``.</doc>
<msg timestamp="20211009 15:13:21.126" level="FAIL">Element 'class=toast-message' should have contained text 'Dados resetados com sucesso!' but its text was 'Bem vindo, Caio!'.</msg>
<status status="FAIL" starttime="20211009 15:13:21.110" endtime="20211009 15:13:21.126"/>
</kw>
<kw name="Click Element" library="SeleniumLibrary">
<arg>${BTN_CLOSE_MENSAGEM}</arg>
<doc>Click the element identified by ``locator``.</doc>
<status status="NOT RUN" starttime="20211009 15:13:21.126" endtime="20211009 15:13:21.126"/>
</kw>
<status status="FAIL" starttime="20211009 15:13:21.094" endtime="20211009 15:13:21.126"/>
</kw>
<kw name="Valida mensagem de banco de dados resetado com sucesso" library="head">
<kw name="Element Should Be Visible" library="SeleniumLibrary">
<arg>${ALERT_MENSAGEM}</arg>
<doc>Verifies that the element identified by ``locator`` is visible.</doc>
<msg timestamp="20211009 15:13:21.342" level="INFO">Element 'class=toast-message' is displayed.</msg>
<status status="PASS" starttime="20211009 15:13:21.328" endtime="20211009 15:13:21.342"/>
</kw>
<kw name="Element Should Contain" library="SeleniumLibrary">
<arg>${ALERT_MENSAGEM}</arg>
<arg>${MENSAGEM_BANCO_RESETADO_SUCESSO}</arg>
<doc>Verifies that element ``locator`` contains text ``expected``.</doc>
<msg timestamp="20211009 15:13:21.350" level="FAIL">Element 'class=toast-message' should have contained text 'Dados resetados com sucesso!' but its text was 'Bem vindo, Caio!'.</msg>
<status status="FAIL" starttime="20211009 15:13:21.342" endtime="20211009 15:13:21.350"/>
</kw>
<kw name="Click Element" library="SeleniumLibrary">
<arg>${BTN_CLOSE_MENSAGEM}</arg>
<doc>Click the element identified by ``locator``.</doc>
<status status="NOT RUN" starttime="20211009 15:13:21.350" endtime="20211009 15:13:21.350"/>
</kw>
<status status="FAIL" starttime="20211009 15:13:21.328" endtime="20211009 15:13:21.350"/>
</kw>
<kw name="Valida mensagem de banco de dados resetado com sucesso" library="head">
<kw name="Element Should Be Visible" library="SeleniumLibrary">
<arg>${ALERT_MENSAGEM}</arg>
<doc>Verifies that the element identified by ``locator`` is visible.</doc>
<msg timestamp="20211009 15:13:21.598" level="INFO">Element 'class=toast-message' is displayed.</msg>
<status status="PASS" starttime="20211009 15:13:21.560" endtime="20211009 15:13:21.598"/>
</kw>
<kw name="Element Should Contain" library="SeleniumLibrary">
<arg>${ALERT_MENSAGEM}</arg>
<arg>${MENSAGEM_BANCO_RESETADO_SUCESSO}</arg>
<doc>Verifies that element ``locator`` contains text ``expected``.</doc>
<msg timestamp="20211009 15:13:21.630" level="INFO">Element 'class=toast-message' contains text 'Dados resetados com sucesso!'.</msg>
<status status="PASS" starttime="20211009 15:13:21.598" endtime="20211009 15:13:21.630"/>
</kw>
<kw name="Click Element" library="SeleniumLibrary">
<arg>${BTN_CLOSE_MENSAGEM}</arg>
<doc>Click the element identified by ``locator``.</doc>
<msg timestamp="20211009 15:13:21.630" level="INFO">Clicking element 'class=toast-close-button'.</msg>
<status status="PASS" starttime="20211009 15:13:21.630" endtime="20211009 15:13:21.695"/>
</kw>
<status status="PASS" starttime="20211009 15:13:21.560" endtime="20211009 15:13:21.695"/>
</kw>
<status status="PASS" starttime="20211009 15:13:21.094" endtime="20211009 15:13:21.695"/>
</kw>
<status status="PASS" starttime="20211009 15:13:19.332" endtime="20211009 15:13:21.695"/>
</kw>
<kw name="Acessar página de contas" library="head">
<kw name="Wait Until Element Is Visible" library="SeleniumLibrary">
<arg>${SETTINGS}</arg>
<arg>20s</arg>
<doc>Waits until the element ``locator`` is visible.</doc>
<status status="PASS" starttime="20211009 15:13:21.695" endtime="20211009 15:13:21.719"/>
</kw>
<kw name="Click Element" library="SeleniumLibrary">
<arg>${SETTINGS}</arg>
<doc>Click the element identified by ``locator``.</doc>
<msg timestamp="20211009 15:13:21.719" level="INFO">Clicking element '//*[@data-test="menu-settings"]'.</msg>
<status status="PASS" starttime="20211009 15:13:21.719" endtime="20211009 15:13:21.767"/>
</kw>
<kw name="Wait Until Element Is Visible" library="SeleniumLibrary">
<arg>${CONTAS}</arg>
<arg>20s</arg>
<doc>Waits until the element ``locator`` is visible.</doc>
<status status="PASS" starttime="20211009 15:13:21.767" endtime="20211009 15:13:21.807"/>
</kw>
<kw name="Click Element" library="SeleniumLibrary">
<arg>${CONTAS}</arg>
<doc>Click the element identified by ``locator``.</doc>
<msg timestamp="20211009 15:13:21.807" level="INFO">Clicking element '//*[@href="/contas"]'.</msg>
<status status="PASS" starttime="20211009 15:13:21.807" endtime="20211009 15:13:21.910"/>
</kw>
<status status="PASS" starttime="20211009 15:13:21.695" endtime="20211009 15:13:21.910"/>
</kw>
<kw name="Adicionar conta" library="contas">
<arg>Carteira</arg>
<kw name="Input Text" library="SeleniumLibrary">
<arg>${INPUT_NOME_CONTA}</arg>
<arg>${nome_conta}</arg>
<arg>clear=True</arg>
<doc>Types the given ``text`` into the text field identified by ``locator``.</doc>
<msg timestamp="20211009 15:13:21.910" level="INFO">Typing text 'Carteira' into text field '//*[@data-test="nome"]'.</msg>
<status status="PASS" starttime="20211009 15:13:21.910" endtime="20211009 15:13:22.037"/>
</kw>
<kw name="Click Element" library="SeleniumLibrary">
<arg>${BTN_SALVAR_CONTA}</arg>
<doc>Click the element identified by ``locator``.</doc>
<msg timestamp="20211009 15:13:22.037" level="INFO">Clicking element 'class=btn'.</msg>
<status status="PASS" starttime="20211009 15:13:22.037" endtime="20211009 15:13:22.111"/>
</kw>
<status status="PASS" starttime="20211009 15:13:21.910" endtime="20211009 15:13:22.111"/>
</kw>
<kw name="Valida mensagem de conta cadastrada com sucesso" library="contas">
<kw name="Wait Until Keyword Succeeds" library="BuiltIn">
<arg>20s</arg>
<arg>200ms</arg>
<arg>Valida mensagem conta criada com sucesso</arg>
<doc>Runs the specified keyword and retries if it fails.</doc>
<kw name="Valida mensagem conta criada com sucesso" library="contas">
<kw name="Element Should Be Visible" library="SeleniumLibrary">
<arg>${ALERT_MENSAGEM}</arg>
<arg>20s</arg>
<doc>Verifies that the element identified by ``locator`` is visible.</doc>
<msg timestamp="20211009 15:13:22.145" level="INFO">Element 'class=toast-message' is displayed.</msg>
<status status="PASS" starttime="20211009 15:13:22.111" endtime="20211009 15:13:22.145"/>
</kw>
<kw name="Element Should Contain" library="SeleniumLibrary">
<arg>${ALERT_MENSAGEM}</arg>
<arg>${MENSAGEM_SUCESSO_CONTA_CRIADA}</arg>
<doc>Verifies that element ``locator`` contains text ``expected``.</doc>
<msg timestamp="20211009 15:13:22.177" level="FAIL">Element 'class=toast-message' should have contained text 'Conta inserida com sucesso' but its text was 'Dados resetados com sucesso!'.</msg>
<status status="FAIL" starttime="20211009 15:13:22.145" endtime="20211009 15:13:22.177"/>
</kw>
<kw name="Click Element" library="SeleniumLibrary">
<arg>${BTN_CLOSE_MENSAGEM}</arg>
<doc>Click the element identified by ``locator``.</doc>
<status status="NOT RUN" starttime="20211009 15:13:22.177" endtime="20211009 15:13:22.177"/>
</kw>
<status status="FAIL" starttime="20211009 15:13:22.111" endtime="20211009 15:13:22.177"/>
</kw>
<kw name="Valida mensagem conta criada com sucesso" library="contas">
<kw name="Element Should Be Visible" library="SeleniumLibrary">
<arg>${ALERT_MENSAGEM}</arg>
<arg>20s</arg>
<doc>Verifies that the element identified by ``locator`` is visible.</doc>
<msg timestamp="20211009 15:13:22.422" level="INFO">Element 'class=toast-message' is displayed.</msg>
<status status="PASS" starttime="20211009 15:13:22.390" endtime="20211009 15:13:22.422"/>
</kw>
<kw name="Element Should Contain" library="SeleniumLibrary">
<arg>${ALERT_MENSAGEM}</arg>
<arg>${MENSAGEM_SUCESSO_CONTA_CRIADA}</arg>
<doc>Verifies that element ``locator`` contains text ``expected``.</doc>
<msg timestamp="20211009 15:13:22.446" level="FAIL">Element 'class=toast-message' should have contained text 'Conta inserida com sucesso' but its text was 'Dados resetados com sucesso!'.</msg>
<status status="FAIL" starttime="20211009 15:13:22.422" endtime="20211009 15:13:22.446"/>
</kw>
<kw name="Click Element" library="SeleniumLibrary">
<arg>${BTN_CLOSE_MENSAGEM}</arg>
<doc>Click the element identified by ``locator``.</doc>
<status status="NOT RUN" starttime="20211009 15:13:22.446" endtime="20211009 15:13:22.446"/>
</kw>
<status status="FAIL" starttime="20211009 15:13:22.390" endtime="20211009 15:13:22.446"/>
</kw>
<kw name="Valida mensagem conta criada com sucesso" library="contas">
<kw name="Element Should Be Visible" library="SeleniumLibrary">
<arg>${ALERT_MENSAGEM}</arg>
<arg>20s</arg>
<doc>Verifies that the element identified by ``locator`` is visible.</doc>
<msg timestamp="20211009 15:13:22.674" level="INFO">Element 'class=toast-message' is displayed.</msg>
<status status="PASS" starttime="20211009 15:13:22.658" endtime="20211009 15:13:22.674"/>
</kw>
<kw name="Element Should Contain" library="SeleniumLibrary">
<arg>${ALERT_MENSAGEM}</arg>
<arg>${MENSAGEM_SUCESSO_CONTA_CRIADA}</arg>
<doc>Verifies that element ``locator`` contains text ``expected``.</doc>
<msg timestamp="20211009 15:13:22.706" level="INFO">Element 'class=toast-message' contains text 'Conta inserida com sucesso'.</msg>
<status status="PASS" starttime="20211009 15:13:22.674" endtime="20211009 15:13:22.706"/>
</kw>
<kw name="Click Element" library="SeleniumLibrary">
<arg>${BTN_CLOSE_MENSAGEM}</arg>
<doc>Click the element identified by ``locator``.</doc>
<msg timestamp="20211009 15:13:22.706" level="INFO">Clicking element 'class=toast-close-button'.</msg>
<status status="PASS" starttime="20211009 15:13:22.706" endtime="20211009 15:13:22.754"/>
</kw>
<status status="PASS" starttime="20211009 15:13:22.658" endtime="20211009 15:13:22.754"/>
</kw>
<status status="PASS" starttime="20211009 15:13:22.111" endtime="20211009 15:13:22.754"/>
</kw>
<status status="PASS" starttime="20211009 15:13:22.111" endtime="20211009 15:13:22.754"/>
</kw>
<kw name="Valida se o nome da conta inserida esta aparecendo" library="contas">
<arg>Carteira</arg>
<kw name="Wait Until Page Contains" library="SeleniumLibrary">
<arg>${nome_conta}</arg>
<doc>Waits until ``text`` appears on the current page.</doc>
<status status="PASS" starttime="20211009 15:13:22.754" endtime="20211009 15:13:22.770"/>
</kw>
<kw name="Page Should Contain" library="SeleniumLibrary">
<arg>${nome_conta}</arg>
<doc>Verifies that current page contains ``text``.</doc>
<msg timestamp="20211009 15:13:22.778" level="INFO">Current page contains text 'Carteira'.</msg>
<status status="PASS" starttime="20211009 15:13:22.770" endtime="20211009 15:13:22.778"/>
</kw>
<status status="PASS" starttime="20211009 15:13:22.754" endtime="20211009 15:13:22.778"/>
</kw>
<kw name="Fazer logout do sistema" library="head" type="TEARDOWN">
<kw name="Run Keyword If Test Failed" library="BuiltIn">
<arg>Print da tela com erro</arg>
<doc>Runs the given keyword with the given arguments, if the test failed.</doc>
<status status="PASS" starttime="20211009 15:13:22.778" endtime="20211009 15:13:22.778"/>
</kw>
<kw name="Wait Until Element Is Visible" library="SeleniumLibrary">
<arg>${SETTINGS}</arg>
<arg>20s</arg>
<doc>Waits until the element ``locator`` is visible.</doc>
<status status="PASS" starttime="20211009 15:13:22.778" endtime="20211009 15:13:22.786"/>
</kw>
<kw name="Click Element" library="SeleniumLibrary">
<arg>${SETTINGS}</arg>
<doc>Click the element identified by ``locator``.</doc>
<msg timestamp="20211009 15:13:22.786" level="INFO">Clicking element '//*[@data-test="menu-settings"]'.</msg>
<status status="PASS" starttime="20211009 15:13:22.786" endtime="20211009 15:13:22.802"/>
</kw>
<kw name="Wait Until Element Is Visible" library="SeleniumLibrary">
<arg>${SAIR}</arg>
<arg>20s</arg>
<doc>Waits until the element ``locator`` is visible.</doc>
<status status="PASS" starttime="20211009 15:13:22.802" endtime="20211009 15:13:22.818"/>
</kw>
<kw name="Click Element" library="SeleniumLibrary">
<arg>${SAIR}</arg>
<doc>Click the element identified by ``locator``.</doc>
<msg timestamp="20211009 15:13:22.818" level="INFO">Clicking element '//*[@href="/logout"]'.</msg>
<status status="PASS" starttime="20211009 15:13:22.818" endtime="20211009 15:13:22.858"/>
</kw>
<kw name="Wait Until Keyword Succeeds" library="BuiltIn">
<arg>20s</arg>
<arg>200ms</arg>
<arg>Valida mensagem de deslogado com sucesso</arg>
<doc>Runs the specified keyword and retries if it fails.</doc>
<kw name="Valida mensagem de deslogado com sucesso" library="head">
<kw name="Element Should Be Visible" library="SeleniumLibrary">
<arg>${ALERT_MENSAGEM}</arg>
<doc>Verifies that the element identified by ``locator`` is visible.</doc>
<msg timestamp="20211009 15:13:22.874" level="INFO">Element 'class=toast-message' is displayed.</msg>
<status status="PASS" starttime="20211009 15:13:22.858" endtime="20211009 15:13:22.874"/>
</kw>
<kw name="Element Should Contain" library="SeleniumLibrary">
<arg>${ALERT_MENSAGEM}</arg>
<arg>${MENSAGEM_DESLOGADO_SUCESSO}</arg>
<doc>Verifies that element ``locator`` contains text ``expected``.</doc>
<msg timestamp="20211009 15:13:22.890" level="INFO">Element 'class=toast-message' contains text 'Até Logo!'.</msg>
<status status="PASS" starttime="20211009 15:13:22.874" endtime="20211009 15:13:22.890"/>
</kw>
<kw name="Click Element" library="SeleniumLibrary">
<arg>${BTN_CLOSE_MENSAGEM}</arg>
<doc>Click the element identified by ``locator``.</doc>
<msg timestamp="20211009 15:13:22.890" level="INFO">Clicking element 'class=toast-close-button'.</msg>
<status status="PASS" starttime="20211009 15:13:22.890" endtime="20211009 15:13:22.922"/>
</kw>
<status status="PASS" starttime="20211009 15:13:22.858" endtime="20211009 15:13:22.922"/>
</kw>
<status status="PASS" starttime="20211009 15:13:22.858" endtime="20211009 15:13:22.922"/>
</kw>
<status status="PASS" starttime="20211009 15:13:22.778" endtime="20211009 15:13:22.922"/>
</kw>
<status status="PASS" starttime="20211009 15:13:19.332" endtime="20211009 15:13:22.922"/>
</test>
<test id="s1-s1-t2" name="Criar uma conta com nome que já existe">
<kw name="Fazer login no sistema e resetar banco de dados" library="login" type="SETUP">
<kw name="Informar usuário e senha" library="login">
<kw name="Input Text" library="SeleniumLibrary">
<arg>${INPUT_EMAIL}</arg>
<arg>${EMAIL}</arg>
<doc>Types the given ``text`` into the text field identified by ``locator``.</doc>
<msg timestamp="20211009 15:13:22.922" level="INFO">Typing text 'caio@caio' into text field '//*[@data-test="email"]'.</msg>
<status status="PASS" starttime="20211009 15:13:22.922" endtime="20211009 15:13:22.994"/>
</kw>
<kw name="Input Text" library="SeleniumLibrary">
<arg>${INPUT_SENHA}</arg>
<arg>${SENHA}</arg>
<doc>Types the given ``text`` into the text field identified by ``locator``.</doc>
<msg timestamp="20211009 15:13:22.994" level="INFO">Typing text '123' into text field '//*[@data-test="passwd"]'.</msg>
<status status="PASS" starttime="20211009 15:13:22.994" endtime="20211009 15:13:23.066"/>
</kw>
<status status="PASS" starttime="20211009 15:13:22.922" endtime="20211009 15:13:23.066"/>
</kw>
<kw name="Fazer login" library="login">
<kw name="Click Element" library="SeleniumLibrary">
<arg>${BTN_LOGIN}</arg>
<doc>Click the element identified by ``locator``.</doc>
<msg timestamp="20211009 15:13:23.066" level="INFO">Clicking element 'class=btn'.</msg>
<status status="PASS" starttime="20211009 15:13:23.066" endtime="20211009 15:13:23.106"/>
</kw>
<status status="PASS" starttime="20211009 15:13:23.066" endtime="20211009 15:13:23.114"/>
</kw>
<kw name="Wait Until Keyword Succeeds" library="BuiltIn">
<arg>20s</arg>
<arg>200ms</arg>
<arg>Valida mensagem de cliente logado com sucesso</arg>
<doc>Runs the specified keyword and retries if it fails.</doc>
<kw name="Valida mensagem de cliente logado com sucesso" library="head">
<kw name="Element Should Be Visible" library="SeleniumLibrary">
<arg>${ALERT_MENSAGEM}</arg>
<doc>Verifies that the element identified by ``locator`` is visible.</doc>
<msg timestamp="20211009 15:13:23.130" level="INFO">Element 'class=toast-message' is displayed.</msg>
<status status="PASS" starttime="20211009 15:13:23.114" endtime="20211009 15:13:23.130"/>
</kw>
<kw name="Element Should Contain" library="SeleniumLibrary">
<arg>${ALERT_MENSAGEM}</arg>
<arg>${MENSAGEM_LOGADO_SUCESSO}</arg>
<doc>Verifies that element ``locator`` contains text ``expected``.</doc>
<msg timestamp="20211009 15:13:23.138" level="FAIL">Element 'class=toast-message' should have contained text 'Bem vindo' but its text was 'Até Logo!'.</msg>
<status status="FAIL" starttime="20211009 15:13:23.130" endtime="20211009 15:13:23.138"/>
</kw>
<kw name="Click Element" library="SeleniumLibrary">
<arg>${BTN_CLOSE_MENSAGEM}</arg>
<doc>Click the element identified by ``locator``.</doc>
<status status="NOT RUN" starttime="20211009 15:13:23.146" endtime="20211009 15:13:23.146"/>
</kw>
<status status="FAIL" starttime="20211009 15:13:23.114" endtime="20211009 15:13:23.146"/>
</kw>
<kw name="Valida mensagem de cliente logado com sucesso" library="head">
<kw name="Element Should Be Visible" library="SeleniumLibrary">
<arg>${ALERT_MENSAGEM}</arg>
<doc>Verifies that the element identified by ``locator`` is visible.</doc>
<msg timestamp="20211009 15:13:23.367" level="INFO">Element 'class=toast-message' is displayed.</msg>
<status status="PASS" starttime="20211009 15:13:23.359" endtime="20211009 15:13:23.367"/>
</kw>
<kw name="Element Should Contain" library="SeleniumLibrary">
<arg>${ALERT_MENSAGEM}</arg>
<arg>${MENSAGEM_LOGADO_SUCESSO}</arg>
<doc>Verifies that element ``locator`` contains text ``expected``.</doc>
<msg timestamp="20211009 15:13:23.383" level="FAIL">Element 'class=toast-message' should have contained text 'Bem vindo' but its text was 'Até Logo!'.</msg>
<status status="FAIL" starttime="20211009 15:13:23.367" endtime="20211009 15:13:23.383"/>
</kw>
<kw name="Click Element" library="SeleniumLibrary">
<arg>${BTN_CLOSE_MENSAGEM}</arg>
<doc>Click the element identified by ``locator``.</doc>
<status status="NOT RUN" starttime="20211009 15:13:23.383" endtime="20211009 15:13:23.383"/>
</kw>
<status status="FAIL" starttime="20211009 15:13:23.359" endtime="20211009 15:13:23.383"/>
</kw>
<kw name="Valida mensagem de cliente logado com sucesso" library="head">
<kw name="Element Should Be Visible" library="SeleniumLibrary">
<arg>${ALERT_MENSAGEM}</arg>
<doc>Verifies that the element identified by ``locator`` is visible.</doc>
<msg timestamp="20211009 15:13:23.607" level="FAIL">The element 'class=toast-message' should be visible, but it is not.</msg>
<status status="FAIL" starttime="20211009 15:13:23.583" endtime="20211009 15:13:23.607"/>
</kw>
<kw name="Element Should Contain" library="SeleniumLibrary">
<arg>${ALERT_MENSAGEM}</arg>
<arg>${MENSAGEM_LOGADO_SUCESSO}</arg>
<doc>Verifies that element ``locator`` contains text ``expected``.</doc>
<status status="NOT RUN" starttime="20211009 15:13:23.607" endtime="20211009 15:13:23.607"/>
</kw>
<kw name="Click Element" library="SeleniumLibrary">
<arg>${BTN_CLOSE_MENSAGEM}</arg>
<doc>Click the element identified by ``locator``.</doc>
<status status="NOT RUN" starttime="20211009 15:13:23.607" endtime="20211009 15:13:23.607"/>
</kw>
<status status="FAIL" starttime="20211009 15:13:23.583" endtime="20211009 15:13:23.607"/>
</kw>
<kw name="Valida mensagem de cliente logado com sucesso" library="head">
<kw name="Element Should Be Visible" library="SeleniumLibrary">
<arg>${ALERT_MENSAGEM}</arg>
<doc>Verifies that the element identified by ``locator`` is visible.</doc>
<msg timestamp="20211009 15:13:23.848" level="INFO">Element 'class=toast-message' is displayed.</msg>
<status status="PASS" starttime="20211009 15:13:23.816" endtime="20211009 15:13:23.848"/>
</kw>
<kw name="Element Should Contain" library="SeleniumLibrary">
<arg>${ALERT_MENSAGEM}</arg>
<arg>${MENSAGEM_LOGADO_SUCESSO}</arg>
<doc>Verifies that element ``locator`` contains text ``expected``.</doc>
<msg timestamp="20211009 15:13:23.888" level="INFO">Element 'class=toast-message' contains text 'Bem vindo'.</msg>
<status status="PASS" starttime="20211009 15:13:23.848" endtime="20211009 15:13:23.888"/>
</kw>
<kw name="Click Element" library="SeleniumLibrary">
<arg>${BTN_CLOSE_MENSAGEM}</arg>
<doc>Click the element identified by ``locator``.</doc>
<msg timestamp="20211009 15:13:23.888" level="INFO">Clicking element 'class=toast-close-button'.</msg>
<status status="PASS" starttime="20211009 15:13:23.888" endtime="20211009 15:13:23.968"/>
</kw>
<status status="PASS" starttime="20211009 15:13:23.816" endtime="20211009 15:13:23.968"/>
</kw>
<status status="PASS" starttime="20211009 15:13:23.114" endtime="20211009 15:13:23.968"/>
</kw>
<kw name="Resetar banco de dados" library="head">
<kw name="Wait Until Element Is Visible" library="SeleniumLibrary">
<arg>${SETTINGS}</arg>
<arg>20s</arg>
<doc>Waits until the element ``locator`` is visible.</doc>
<status status="PASS" starttime="20211009 15:13:23.968" endtime="20211009 15:13:24.008"/>
</kw>
<kw name="Click Element" library="SeleniumLibrary">
<arg>${SETTINGS}</arg>
<doc>Click the element identified by ``locator``.</doc>
<msg timestamp="20211009 15:13:24.008" level="INFO">Clicking element '//*[@data-test="menu-settings"]'.</msg>
<status status="PASS" starttime="20211009 15:13:24.008" endtime="20211009 15:13:24.101"/>
</kw>
<kw name="Wait Until Element Is Visible" library="SeleniumLibrary">
<arg>${RESETAR}</arg>
<arg>20s</arg>
<doc>Waits until the element ``locator`` is visible.</doc>
<status status="PASS" starttime="20211009 15:13:24.101" endtime="20211009 15:13:24.133"/>
</kw>
<kw name="Click Element" library="SeleniumLibrary">
<arg>${RESETAR}</arg>
<doc>Click the element identified by ``locator``.</doc>
<msg timestamp="20211009 15:13:24.133" level="INFO">Clicking element '//*[@href="/reset"]'.</msg>
<status status="PASS" starttime="20211009 15:13:24.133" endtime="20211009 15:13:24.214"/>
</kw>
<status status="PASS" starttime="20211009 15:13:23.968" endtime="20211009 15:13:24.214"/>
</kw>
<kw name="Wait Until Keyword Succeeds" library="BuiltIn">
<arg>20s</arg>
<arg>200ms</arg>
<arg>Valida mensagem de banco de dados resetado com sucesso</arg>
<doc>Runs the specified keyword and retries if it fails.</doc>
<kw name="Valida mensagem de banco de dados resetado com sucesso" library="head">
<kw name="Element Should Be Visible" library="SeleniumLibrary">
<arg>${ALERT_MENSAGEM}</arg>
<doc>Verifies that the element identified by ``locator`` is visible.</doc>
<msg timestamp="20211009 15:13:24.254" level="INFO">Element 'class=toast-message' is displayed.</msg>
<status status="PASS" starttime="20211009 15:13:24.214" endtime="20211009 15:13:24.254"/>
</kw>
<kw name="Element Should Contain" library="SeleniumLibrary">
<arg>${ALERT_MENSAGEM}</arg>
<arg>${MENSAGEM_BANCO_RESETADO_SUCESSO}</arg>
<doc>Verifies that element ``locator`` contains text ``expected``.</doc>
<msg timestamp="20211009 15:13:24.278" level="FAIL">Element 'class=toast-message' should have contained text 'Dados resetados com sucesso!' but its text was 'Bem vindo, Caio!'.</msg>
<status status="FAIL" starttime="20211009 15:13:24.254" endtime="20211009 15:13:24.278"/>
</kw>
<kw name="Click Element" library="SeleniumLibrary">
<arg>${BTN_CLOSE_MENSAGEM}</arg>
<doc>Click the element identified by ``locator``.</doc>
<status status="NOT RUN" starttime="20211009 15:13:24.286" endtime="20211009 15:13:24.286"/>
</kw>
<status status="FAIL" starttime="20211009 15:13:24.214" endtime="20211009 15:13:24.286"/>
</kw>
<kw name="Valida mensagem de banco de dados resetado com sucesso" library="head">
<kw name="Element Should Be Visible" library="SeleniumLibrary">
<arg>${ALERT_MENSAGEM}</arg>
<doc>Verifies that the element identified by ``locator`` is visible.</doc>
<msg timestamp="20211009 15:13:24.534" level="INFO">Element 'class=toast-message' is displayed.</msg>
<status status="PASS" starttime="20211009 15:13:24.494" endtime="20211009 15:13:24.534"/>
</kw>
<kw name="Element Should Contain" library="SeleniumLibrary">
<arg>${ALERT_MENSAGEM}</arg>
<arg>${MENSAGEM_BANCO_RESETADO_SUCESSO}</arg>
<doc>Verifies that element ``locator`` contains text ``expected``.</doc>
<msg timestamp="20211009 15:13:24.574" level="INFO">Element 'class=toast-message' contains text 'Dados resetados com sucesso!'.</msg>
<status status="PASS" starttime="20211009 15:13:24.534" endtime="20211009 15:13:24.574"/>
</kw>
<kw name="Click Element" library="SeleniumLibrary">
<arg>${BTN_CLOSE_MENSAGEM}</arg>
<doc>Click the element identified by ``locator``.</doc>
<msg timestamp="20211009 15:13:24.574" level="INFO">Clicking element 'class=toast-close-button'.</msg>
<status status="PASS" starttime="20211009 15:13:24.574" endtime="20211009 15:13:24.661"/>
</kw>
<status status="PASS" starttime="20211009 15:13:24.494" endtime="20211009 15:13:24.661"/>
</kw>
<status status="PASS" starttime="20211009 15:13:24.214" endtime="20211009 15:13:24.661"/>
</kw>
<status status="PASS" starttime="20211009 15:13:22.922" endtime="20211009 15:13:24.661"/>
</kw>
<kw name="Acessar página de contas" library="head">
<kw name="Wait Until Element Is Visible" library="SeleniumLibrary">
<arg>${SETTINGS}</arg>
<arg>20s</arg>
<doc>Waits until the element ``locator`` is visible.</doc>
<status status="PASS" starttime="20211009 15:13:24.661" endtime="20211009 15:13:24.693"/>
</kw>
<kw name="Click Element" library="SeleniumLibrary">
<arg>${SETTINGS}</arg>
<doc>Click the element identified by ``locator``.</doc>
<msg timestamp="20211009 15:13:24.701" level="INFO">Clicking element '//*[@data-test="menu-settings"]'.</msg>
<status status="PASS" starttime="20211009 15:13:24.701" endtime="20211009 15:13:24.750"/>
</kw>
<kw name="Wait Until Element Is Visible" library="SeleniumLibrary">
<arg>${CONTAS}</arg>
<arg>20s</arg>
<doc>Waits until the element ``locator`` is visible.</doc>
<status status="PASS" starttime="20211009 15:13:24.750" endtime="20211009 15:13:24.790"/>
</kw>
<kw name="Click Element" library="SeleniumLibrary">
<arg>${CONTAS}</arg>
<doc>Click the element identified by ``locator``.</doc>
<msg timestamp="20211009 15:13:24.790" level="INFO">Clicking element '//*[@href="/contas"]'.</msg>
<status status="PASS" starttime="20211009 15:13:24.790" endtime="20211009 15:13:24.882"/>
</kw>
<status status="PASS" starttime="20211009 15:13:24.661" endtime="20211009 15:13:24.882"/>
</kw>
<kw name="Adicionar conta" library="contas">
<arg>Carteira</arg>
<kw name="Input Text" library="SeleniumLibrary">
<arg>${INPUT_NOME_CONTA}</arg>
<arg>${nome_conta}</arg>
<arg>clear=True</arg>
<doc>Types the given ``text`` into the text field identified by ``locator``.</doc>
<msg timestamp="20211009 15:13:24.882" level="INFO">Typing text 'Carteira' into text field '//*[@data-test="nome"]'.</msg>
<status status="PASS" starttime="20211009 15:13:24.882" endtime="20211009 15:13:24.970"/>
</kw>
<kw name="Click Element" library="SeleniumLibrary">
<arg>${BTN_SALVAR_CONTA}</arg>
<doc>Click the element identified by ``locator``.</doc>
<msg timestamp="20211009 15:13:24.970" level="INFO">Clicking element 'class=btn'.</msg>
<status status="PASS" starttime="20211009 15:13:24.970" endtime="20211009 15:13:25.026"/>
</kw>
<status status="PASS" starttime="20211009 15:13:24.882" endtime="20211009 15:13:25.026"/>
</kw>
<kw name="Adicionar conta" library="contas">
<arg>Carteira</arg>
<kw name="Input Text" library="SeleniumLibrary">
<arg>${INPUT_NOME_CONTA}</arg>
<arg>${nome_conta}</arg>
<arg>clear=True</arg>
<doc>Types the given ``text`` into the text field identified by ``locator``.</doc>
<msg timestamp="20211009 15:13:25.026" level="INFO">Typing text 'Carteira' into text field '//*[@data-test="nome"]'.</msg>
<status status="PASS" starttime="20211009 15:13:25.026" endtime="20211009 15:13:25.159"/>
</kw>
<kw name="Click Element" library="SeleniumLibrary">
<arg>${BTN_SALVAR_CONTA}</arg>
<doc>Click the element identified by ``locator``.</doc>
<msg timestamp="20211009 15:13:25.159" level="INFO">Clicking element 'class=btn'.</msg>
<status status="PASS" starttime="20211009 15:13:25.159" endtime="20211009 15:13:25.224"/>
</kw>
<status status="PASS" starttime="20211009 15:13:25.026" endtime="20211009 15:13:25.224"/>
</kw>
<kw name="Valida mensagem de erro conta duplicada" library="contas">
<kw name="Wait Until Keyword Succeeds" library="BuiltIn">
<arg>20s</arg>
<arg>200ms</arg>
<arg>Valida mensagem conta duplicada</arg>
<doc>Runs the specified keyword and retries if it fails.</doc>
<kw name="Valida mensagem conta duplicada" library="contas">
<kw name="Element Should Be Visible" library="SeleniumLibrary">
<arg>${ALERT_MENSAGEM}</arg>
<arg>20s</arg>
<doc>Verifies that the element identified by ``locator`` is visible.</doc>
<msg timestamp="20211009 15:13:25.252" level="FAIL">20s</msg>
<status status="FAIL" starttime="20211009 15:13:25.224" endtime="20211009 15:13:25.252"/>
</kw>
<kw name="Element Should Contain" library="SeleniumLibrary">
<arg>${ALERT_MENSAGEM}</arg>
<arg>${MENSAGEM_SUCESSO_CONTA_DUPLICADA}</arg>
<doc>Verifies that element ``locator`` contains text ``expected``.</doc>
<status status="NOT RUN" starttime="20211009 15:13:25.252" endtime="20211009 15:13:25.252"/>
</kw>
<kw name="Click Element" library="SeleniumLibrary">
<arg>${BTN_CLOSE_MENSAGEM}</arg>
<doc>Click the element identified by ``locator``.</doc>
<status status="NOT RUN" starttime="20211009 15:13:25.252" endtime="20211009 15:13:25.252"/>
</kw>
<status status="FAIL" starttime="20211009 15:13:25.224" endtime="20211009 15:13:25.252"/>
</kw>
<kw name="Valida mensagem conta duplicada" library="contas">
<kw name="Element Should Be Visible" library="SeleniumLibrary">
<arg>${ALERT_MENSAGEM}</arg>
<arg>20s</arg>
<doc>Verifies that the element identified by ``locator`` is visible.</doc>
<msg timestamp="20211009 15:13:25.500" level="INFO">Element 'class=toast-message' is displayed.</msg>
<status status="PASS" starttime="20211009 15:13:25.460" endtime="20211009 15:13:25.500"/>
</kw>
<kw name="Element Should Contain" library="SeleniumLibrary">
<arg>${ALERT_MENSAGEM}</arg>
<arg>${MENSAGEM_SUCESSO_CONTA_DUPLICADA}</arg>
<doc>Verifies that element ``locator`` contains text ``expected``.</doc>
<msg timestamp="20211009 15:13:25.548" level="INFO">Element 'class=toast-message' contains text 'Request failed with status code 400'.</msg>
<status status="PASS" starttime="20211009 15:13:25.500" endtime="20211009 15:13:25.548"/>
</kw>
<kw name="Click Element" library="SeleniumLibrary">
<arg>${BTN_CLOSE_MENSAGEM}</arg>
<doc>Click the element identified by ``locator``.</doc>
<msg timestamp="20211009 15:13:25.548" level="INFO">Clicking element 'class=toast-close-button'.</msg>
<status status="PASS" starttime="20211009 15:13:25.548" endtime="20211009 15:13:25.620"/>
</kw>
<status status="PASS" starttime="20211009 15:13:25.460" endtime="20211009 15:13:25.620"/>
</kw>
<status status="PASS" starttime="20211009 15:13:25.224" endtime="20211009 15:13:25.620"/>
</kw>
<status status="PASS" starttime="20211009 15:13:25.224" endtime="20211009 15:13:25.620"/>
</kw>
<kw name="Fazer logout do sistema" library="head" type="TEARDOWN">
<kw name="Run Keyword If Test Failed" library="BuiltIn">
<arg>Print da tela com erro</arg>
<doc>Runs the given keyword with the given arguments, if the test failed.</doc>
<status status="PASS" starttime="20211009 15:13:25.628" endtime="20211009 15:13:25.628"/>
</kw>
<kw name="Wait Until Element Is Visible" library="SeleniumLibrary">
<arg>${SETTINGS}</arg>
<arg>20s</arg>
<doc>Waits until the element ``locator`` is visible.</doc>
<status status="PASS" starttime="20211009 15:13:25.628" endtime="20211009 15:13:25.660"/>
</kw>
<kw name="Click Element" library="SeleniumLibrary">
<arg>${SETTINGS}</arg>
<doc>Click the element identified by ``locator``.</doc>
<msg timestamp="20211009 15:13:25.660" level="INFO">Clicking element '//*[@data-test="menu-settings"]'.</msg>
<status status="PASS" starttime="20211009 15:13:25.660" endtime="20211009 15:13:25.716"/>
</kw>
<kw name="Wait Until Element Is Visible" library="SeleniumLibrary">
<arg>${SAIR}</arg>
<arg>20s</arg>
<doc>Waits until the element ``locator`` is visible.</doc>
<status status="PASS" starttime="20211009 15:13:25.716" endtime="20211009 15:13:25.748"/>
</kw>
<kw name="Click Element" library="SeleniumLibrary">
<arg>${SAIR}</arg>
<doc>Click the element identified by ``locator``.</doc>
<msg timestamp="20211009 15:13:25.748" level="INFO">Clicking element '//*[@href="/logout"]'.</msg>
<status status="PASS" starttime="20211009 15:13:25.748" endtime="20211009 15:13:25.852"/>
</kw>
<kw name="Wait Until Keyword Succeeds" library="BuiltIn">
<arg>20s</arg>
<arg>200ms</arg>
<arg>Valida mensagem de deslogado com sucesso</arg>
<doc>Runs the specified keyword and retries if it fails.</doc>
<kw name="Valida mensagem de deslogado com sucesso" library="head">
<kw name="Element Should Be Visible" library="SeleniumLibrary">
<arg>${ALERT_MENSAGEM}</arg>
<doc>Verifies that the element identified by ``locator`` is visible.</doc>
<msg timestamp="20211009 15:13:25.897" level="INFO">Element 'class=toast-message' is displayed.</msg>
<status status="PASS" starttime="20211009 15:13:25.852" endtime="20211009 15:13:25.897"/>
</kw>
<kw name="Element Should Contain" library="SeleniumLibrary">
<arg>${ALERT_MENSAGEM}</arg>
<arg>${MENSAGEM_DESLOGADO_SUCESSO}</arg>
<doc>Verifies that element ``locator`` contains text ``expected``.</doc>
<msg timestamp="20211009 15:13:25.929" level="INFO">Element 'class=toast-message' contains text 'Até Logo!'.</msg>
<status status="PASS" starttime="20211009 15:13:25.897" endtime="20211009 15:13:25.929"/>
</kw>
<kw name="Click Element" library="SeleniumLibrary">
<arg>${BTN_CLOSE_MENSAGEM}</arg>
<doc>Click the element identified by ``locator``.</doc>
<msg timestamp="20211009 15:13:25.929" level="INFO">Clicking element 'class=toast-close-button'.</msg>
<status status="PASS" starttime="20211009 15:13:25.929" endtime="20211009 15:13:26.007"/>
</kw>
<status status="PASS" starttime="20211009 15:13:25.852" endtime="20211009 15:13:26.007"/>
</kw>
<status status="PASS" starttime="20211009 15:13:25.852" endtime="20211009 15:13:26.007"/>
</kw>
<status status="PASS" starttime="20211009 15:13:25.628" endtime="20211009 15:13:26.007"/>
</kw>
<status status="PASS" starttime="20211009 15:13:22.922" endtime="20211009 15:13:26.007"/>
</test>
<kw name="Fechar navegador" library="login" type="TEARDOWN">
<kw name="Close Browser" library="SeleniumLibrary">
<doc>Closes the current browser.</doc>
<status status="PASS" starttime="20211009 15:13:26.016" endtime="20211009 15:13:28.181"/>
</kw>
<status status="PASS" starttime="20211009 15:13:26.015" endtime="20211009 15:13:28.181"/>
</kw>
<doc>Testes para validar o cadastrado de novas contas.</doc>
<status status="PASS" starttime="20211009 15:13:15.310" endtime="20211009 15:13:28.181"/>
</suite>
<suite id="s1-s2" name="Login Invalido" source="C:\GitHubProjetos\curso_robot_framework\curso_robot_framework\teste_selenium\login_invalido.robot">
<kw name="Abrir navegador na página de exemplo" library="login" type="SETUP">
<kw name="Open Browser" library="SeleniumLibrary">
<arg>${URL_PAGINA}</arg>
<arg>${NAVEGADOR_CHROME}</arg>
<doc>Opens a new browser instance to the optional ``url``.</doc>
<msg timestamp="20211009 15:13:28.213" level="INFO">Opening browser 'chrome' to base url 'https://barrigareact.wcaquino.me/'.</msg>
<status status="PASS" starttime="20211009 15:13:28.213" endtime="20211009 15:13:31.886"/>
</kw>
<kw name="Maximize Browser Window" library="SeleniumLibrary">
<doc>Maximizes current browser window.</doc>
<status status="PASS" starttime="20211009 15:13:31.886" endtime="20211009 15:13:32.046"/>
</kw>
<kw name="Remove Files" library="OperatingSystem">
<arg>${PATH_SCREENSHOTS}/*.png</arg>
<doc>Uses `Remove File` to remove multiple files one-by-one.</doc>
<msg timestamp="20211009 15:13:32.046" level="INFO" html="true">File '&lt;a href="file://C:\GitHubProjetos\curso_robot_framework\curso_robot_framework\results\screenshots\*.png"&gt;C:\GitHubProjetos\curso_robot_framework\curso_robot_framework\results\screenshots\*.png&lt;/a&gt;' does not exist.</msg>
<status status="PASS" starttime="20211009 15:13:32.046" endtime="20211009 15:13:32.046"/>
</kw>
<kw name="Set Screenshot Directory" library="SeleniumLibrary">
<arg>${PATH_SCREENSHOTS}</arg>
<doc>Sets the directory for captured screenshots.</doc>
<status status="PASS" starttime="20211009 15:13:32.054" endtime="20211009 15:13:32.054"/>
</kw>
<status status="PASS" starttime="20211009 15:13:28.205" endtime="20211009 15:13:32.054"/>
</kw>
<test id="s1-s2-t1" name="Dados Vazios">
<kw name="Login com credenciais inválidas devem falhar">
<arg>${EMPTY}</arg>
<arg>${EMPTY}</arg>
<arg>Bem vindo, !</arg>
<kw name="Sleep" library="BuiltIn">
<arg>1s</arg>
<doc>Pauses the test executed for the given time.</doc>
<msg timestamp="20211009 15:13:33.064" level="INFO">Slept 1 second</msg>
<status status="PASS" starttime="20211009 15:13:32.062" endtime="20211009 15:13:33.064"/>
</kw>
<kw name="Input Text" library="SeleniumLibrary">
<arg>${INPUT_EMAIL}</arg>
<arg>${email}</arg>
<arg>clear=True</arg>
<doc>Types the given ``text`` into the text field identified by ``locator``.</doc>
<msg timestamp="20211009 15:13:33.064" level="INFO">Typing text '' into text field '//*[@data-test="email"]'.</msg>
<status status="PASS" starttime="20211009 15:13:33.064" endtime="20211009 15:13:33.164"/>
</kw>
<kw name="Input Text" library="SeleniumLibrary">
<arg>${INPUT_SENHA}</arg>
<arg>${senha}</arg>
<arg>clear=True</arg>
<doc>Types the given ``text`` into the text field identified by ``locator``.</doc>
<msg timestamp="20211009 15:13:33.164" level="INFO">Typing text '' into text field '//*[@data-test="passwd"]'.</msg>
<status status="PASS" starttime="20211009 15:13:33.164" endtime="20211009 15:13:33.258"/>
</kw>
<kw name="Sleep" library="BuiltIn">
<arg>1s</arg>
<doc>Pauses the test executed for the given time.</doc>
<msg timestamp="20211009 15:13:34.266" level="INFO">Slept 1 second</msg>
<status status="PASS" starttime="20211009 15:13:33.266" endtime="20211009 15:13:34.266"/>
</kw>
<kw name="Click Element" library="SeleniumLibrary">
<arg>${BTN_LOGIN}</arg>
<doc>Click the element identified by ``locator``.</doc>
<msg timestamp="20211009 15:13:34.267" level="INFO">Clicking element 'class=btn'.</msg>
<status status="PASS" starttime="20211009 15:13:34.266" endtime="20211009 15:13:34.294"/>
</kw>
<kw name="Wait Until Keyword Succeeds" library="BuiltIn">
<arg>30s</arg>
<arg>500ms</arg>
<arg>Valida mensagem de login inválido</arg>
<arg>${msg_status_code}</arg>
<doc>Runs the specified keyword and retries if it fails.</doc>
<kw name="Valida mensagem de login inválido" library="head">
<arg>${msg_status_code}</arg>
<kw name="Element Should Be Visible" library="SeleniumLibrary">
<arg>${ALERT_MENSAGEM}</arg>
<doc>Verifies that the element identified by ``locator`` is visible.</doc>
<msg timestamp="20211009 15:13:34.310" level="FAIL">Element with locator 'class=toast-message' not found.</msg>
<status status="FAIL" starttime="20211009 15:13:34.302" endtime="20211009 15:13:34.310"/>
</kw>
<kw name="Element Should Contain" library="SeleniumLibrary">
<arg>${ALERT_MENSAGEM}</arg>
<arg>${status_code}</arg>
<doc>Verifies that element ``locator`` contains text ``expected``.</doc>
<status status="NOT RUN" starttime="20211009 15:13:34.310" endtime="20211009 15:13:34.310"/>
</kw>
<kw name="Click Element" library="SeleniumLibrary">
<arg>${BTN_CLOSE_MENSAGEM}</arg>
<doc>Click the element identified by ``locator``.</doc>
<status status="NOT RUN" starttime="20211009 15:13:34.310" endtime="20211009 15:13:34.310"/>
</kw>
<status status="FAIL" starttime="20211009 15:13:34.302" endtime="20211009 15:13:34.310"/>
</kw>
<kw name="Valida mensagem de login inválido" library="head">
<arg>${msg_status_code}</arg>
<kw name="Element Should Be Visible" library="SeleniumLibrary">
<arg>${ALERT_MENSAGEM}</arg>
<doc>Verifies that the element identified by ``locator`` is visible.</doc>
<msg timestamp="20211009 15:13:34.831" level="FAIL">Element with locator 'class=toast-message' not found.</msg>
<status status="FAIL" starttime="20211009 15:13:34.831" endtime="20211009 15:13:34.831"/>
</kw>
<kw name="Element Should Contain" library="SeleniumLibrary">
<arg>${ALERT_MENSAGEM}</arg>
<arg>${status_code}</arg>
<doc>Verifies that element ``locator`` contains text ``expected``.</doc>
<status status="NOT RUN" starttime="20211009 15:13:34.831" endtime="20211009 15:13:34.831"/>
</kw>
<kw name="Click Element" library="SeleniumLibrary">
<arg>${BTN_CLOSE_MENSAGEM}</arg>
<doc>Click the element identified by ``locator``.</doc>
<status status="NOT RUN" starttime="20211009 15:13:34.831" endtime="20211009 15:13:34.831"/>
</kw>
<status status="FAIL" starttime="20211009 15:13:34.831" endtime="20211009 15:13:34.831"/>
</kw>
<kw name="Valida mensagem de login inválido" library="head">
<arg>${msg_status_code}</arg>
<kw name="Element Should Be Visible" library="SeleniumLibrary">
<arg>${ALERT_MENSAGEM}</arg>
<doc>Verifies that the element identified by ``locator`` is visible.</doc>
<msg timestamp="20211009 15:13:35.367" level="INFO">Element 'class=toast-message' is displayed.</msg>
<status status="PASS" starttime="20211009 15:13:35.352" endtime="20211009 15:13:35.367"/>
</kw>
<kw name="Element Should Contain" library="SeleniumLibrary">
<arg>${ALERT_MENSAGEM}</arg>
<arg>${status_code}</arg>
<doc>Verifies that element ``locator`` contains text ``expected``.</doc>
<msg timestamp="20211009 15:13:35.383" level="INFO">Element 'class=toast-message' contains text 'Bem vindo, !'.</msg>
<status status="PASS" starttime="20211009 15:13:35.367" endtime="20211009 15:13:35.383"/>
</kw>
<kw name="Click Element" library="SeleniumLibrary">
<arg>${BTN_CLOSE_MENSAGEM}</arg>
<doc>Click the element identified by ``locator``.</doc>
<msg timestamp="20211009 15:13:35.386" level="INFO">Clicking element 'class=toast-close-button'.</msg>
<status status="PASS" starttime="20211009 15:13:35.383" endtime="20211009 15:13:35.420"/>
</kw>
<status status="PASS" starttime="20211009 15:13:35.352" endtime="20211009 15:13:35.420"/>
</kw>
<status status="PASS" starttime="20211009 15:13:34.294" endtime="20211009 15:13:35.420"/>
</kw>
<status status="PASS" starttime="20211009 15:13:32.054" endtime="20211009 15:13:35.420"/>
</kw>
<status status="PASS" starttime="20211009 15:13:32.054" endtime="20211009 15:13:35.420"/>
</test>
<test id="s1-s2-t2" name="Email Vazio">
<kw name="Login com credenciais inválidas devem falhar">
<arg>${EMPTY}</arg>
<arg>${SENHA_VALIDA}</arg>
<arg>401</arg>
<kw name="Sleep" library="BuiltIn">
<arg>1s</arg>
<doc>Pauses the test executed for the given time.</doc>
<msg timestamp="20211009 15:13:36.428" level="INFO">Slept 1 second</msg>
<status status="PASS" starttime="20211009 15:13:35.428" endtime="20211009 15:13:36.428"/>
</kw>
<kw name="Input Text" library="SeleniumLibrary">
<arg>${INPUT_EMAIL}</arg>
<arg>${email}</arg>
<arg>clear=True</arg>
<doc>Types the given ``text`` into the text field identified by ``locator``.</doc>
<msg timestamp="20211009 15:13:36.428" level="INFO">Typing text '' into text field '//*[@data-test="email"]'.</msg>
<status status="PASS" starttime="20211009 15:13:36.428" endtime="20211009 15:13:36.545"/>
</kw>
<kw name="Input Text" library="SeleniumLibrary">
<arg>${INPUT_SENHA}</arg>
<arg>${senha}</arg>
<arg>clear=True</arg>
<doc>Types the given ``text`` into the text field identified by ``locator``.</doc>
<msg timestamp="20211009 15:13:36.545" level="INFO">Typing text 'qualquersenha' into text field '//*[@data-test="passwd"]'.</msg>
<status status="PASS" starttime="20211009 15:13:36.545" endtime="20211009 15:13:36.673"/>
</kw>
<kw name="Sleep" library="BuiltIn">
<arg>1s</arg>
<doc>Pauses the test executed for the given time.</doc>
<msg timestamp="20211009 15:13:37.685" level="INFO">Slept 1 second</msg>
<status status="PASS" starttime="20211009 15:13:36.673" endtime="20211009 15:13:37.685"/>
</kw>
<kw name="Click Element" library="SeleniumLibrary">
<arg>${BTN_LOGIN}</arg>
<doc>Click the element identified by ``locator``.</doc>
<msg timestamp="20211009 15:13:37.685" level="INFO">Clicking element 'class=btn'.</msg>
<status status="PASS" starttime="20211009 15:13:37.685" endtime="20211009 15:13:37.745"/>
</kw>
<kw name="Wait Until Keyword Succeeds" library="BuiltIn">
<arg>30s</arg>
<arg>500ms</arg>
<arg>Valida mensagem de login inválido</arg>
<arg>${msg_status_code}</arg>
<doc>Runs the specified keyword and retries if it fails.</doc>
<kw name="Valida mensagem de login inválido" library="head">
<arg>${msg_status_code}</arg>
<kw name="Element Should Be Visible" library="SeleniumLibrary">
<arg>${ALERT_MENSAGEM}</arg>
<doc>Verifies that the element identified by ``locator`` is visible.</doc>
<msg timestamp="20211009 15:13:37.761" level="FAIL">Element with locator 'class=toast-message' not found.</msg>
<status status="FAIL" starttime="20211009 15:13:37.753" endtime="20211009 15:13:37.761"/>
</kw>
<kw name="Element Should Contain" library="SeleniumLibrary">
<arg>${ALERT_MENSAGEM}</arg>
<arg>${status_code}</arg>
<doc>Verifies that element ``locator`` contains text ``expected``.</doc>
<status status="NOT RUN" starttime="20211009 15:13:37.761" endtime="20211009 15:13:37.761"/>
</kw>
<kw name="Click Element" library="SeleniumLibrary">
<arg>${BTN_CLOSE_MENSAGEM}</arg>
<doc>Click the element identified by ``locator``.</doc>
<status status="NOT RUN" starttime="20211009 15:13:37.761" endtime="20211009 15:13:37.761"/>
</kw>
<status status="FAIL" starttime="20211009 15:13:37.745" endtime="20211009 15:13:37.761"/>
</kw>
<kw name="Valida mensagem de login inválido" library="head">
<arg>${msg_status_code}</arg>
<kw name="Element Should Be Visible" library="SeleniumLibrary">
<arg>${ALERT_MENSAGEM}</arg>
<doc>Verifies that the element identified by ``locator`` is visible.</doc>
<msg timestamp="20211009 15:13:38.283" level="FAIL">Element with locator 'class=toast-message' not found.</msg>
<status status="FAIL" starttime="20211009 15:13:38.283" endtime="20211009 15:13:38.283"/>
</kw>
<kw name="Element Should Contain" library="SeleniumLibrary">
<arg>${ALERT_MENSAGEM}</arg>
<arg>${status_code}</arg>
<doc>Verifies that element ``locator`` contains text ``expected``.</doc>
<status status="NOT RUN" starttime="20211009 15:13:38.283" endtime="20211009 15:13:38.299"/>
</kw>
<kw name="Click Element" library="SeleniumLibrary">
<arg>${BTN_CLOSE_MENSAGEM}</arg>
<doc>Click the element identified by ``locator``.</doc>
<status status="NOT RUN" starttime="20211009 15:13:38.299" endtime="20211009 15:13:38.299"/>
</kw>
<status status="FAIL" starttime="20211009 15:13:38.282" endtime="20211009 15:13:38.299"/>
</kw>
<kw name="Valida mensagem de login inválido" library="head">
<arg>${msg_status_code}</arg>
<kw name="Element Should Be Visible" library="SeleniumLibrary">
<arg>${ALERT_MENSAGEM}</arg>
<doc>Verifies that the element identified by ``locator`` is visible.</doc>
<msg timestamp="20211009 15:13:38.844" level="INFO">Element 'class=toast-message' is displayed.</msg>
<status status="PASS" starttime="20211009 15:13:38.804" endtime="20211009 15:13:38.844"/>
</kw>
<kw name="Element Should Contain" library="SeleniumLibrary">
<arg>${ALERT_MENSAGEM}</arg>
<arg>${status_code}</arg>
<doc>Verifies that element ``locator`` contains text ``expected``.</doc>
<msg timestamp="20211009 15:13:38.884" level="INFO">Element 'class=toast-message' contains text '401'.</msg>
<status status="PASS" starttime="20211009 15:13:38.844" endtime="20211009 15:13:38.884"/>
</kw>
<kw name="Click Element" library="SeleniumLibrary">
<arg>${BTN_CLOSE_MENSAGEM}</arg>
<doc>Click the element identified by ``locator``.</doc>
<msg timestamp="20211009 15:13:38.884" level="INFO">Clicking element 'class=toast-close-button'.</msg>
<status status="PASS" starttime="20211009 15:13:38.884" endtime="20211009 15:13:38.948"/>
</kw>
<status status="PASS" starttime="20211009 15:13:38.804" endtime="20211009 15:13:38.948"/>
</kw>
<status status="PASS" starttime="20211009 15:13:37.745" endtime="20211009 15:13:38.948"/>
</kw>
<status status="PASS" starttime="20211009 15:13:35.420" endtime="20211009 15:13:38.948"/>
</kw>
<status status="PASS" starttime="20211009 15:13:35.420" endtime="20211009 15:13:38.956"/>
</test>
<test id="s1-s2-t3" name="Senha Vazia">
<kw name="Login com credenciais inválidas devem falhar">
<arg>${EMAIL_VALIDO}</arg>
<arg>${EMPTY}</arg>
<arg>401</arg>
<kw name="Sleep" library="BuiltIn">
<arg>1s</arg>
<doc>Pauses the test executed for the given time.</doc>
<msg timestamp="20211009 15:13:39.969" level="INFO">Slept 1 second</msg>
<status status="PASS" starttime="20211009 15:13:38.964" endtime="20211009 15:13:39.969"/>
</kw>
<kw name="Input Text" library="SeleniumLibrary">
<arg>${INPUT_EMAIL}</arg>
<arg>${email}</arg>
<arg>clear=True</arg>
<doc>Types the given ``text`` into the text field identified by ``locator``.</doc>
<msg timestamp="20211009 15:13:39.969" level="INFO">Typing text 'caio@caio' into text field '//*[@data-test="email"]'.</msg>
<status status="PASS" starttime="20211009 15:13:39.969" endtime="20211009 15:13:40.059"/>
</kw>
<kw name="Input Text" library="SeleniumLibrary">
<arg>${INPUT_SENHA}</arg>
<arg>${senha}</arg>
<arg>clear=True</arg>
<doc>Types the given ``text`` into the text field identified by ``locator``.</doc>
<msg timestamp="20211009 15:13:40.067" level="INFO">Typing text '' into text field '//*[@data-test="passwd"]'.</msg>
<status status="PASS" starttime="20211009 15:13:40.059" endtime="20211009 15:13:40.123"/>
</kw>
<kw name="Sleep" library="BuiltIn">
<arg>1s</arg>
<doc>Pauses the test executed for the given time.</doc>
<msg timestamp="20211009 15:13:41.136" level="INFO">Slept 1 second</msg>
<status status="PASS" starttime="20211009 15:13:40.123" endtime="20211009 15:13:41.136"/>
</kw>
<kw name="Click Element" library="SeleniumLibrary">
<arg>${BTN_LOGIN}</arg>
<doc>Click the element identified by ``locator``.</doc>
<msg timestamp="20211009 15:13:41.136" level="INFO">Clicking element 'class=btn'.</msg>
<status status="PASS" starttime="20211009 15:13:41.136" endtime="20211009 15:13:41.203"/>
</kw>
<kw name="Wait Until Keyword Succeeds" library="BuiltIn">
<arg>30s</arg>
<arg>500ms</arg>
<arg>Valida mensagem de login inválido</arg>
<arg>${msg_status_code}</arg>
<doc>Runs the specified keyword and retries if it fails.</doc>
<kw name="Valida mensagem de login inválido" library="head">
<arg>${msg_status_code}</arg>
<kw name="Element Should Be Visible" library="SeleniumLibrary">
<arg>${ALERT_MENSAGEM}</arg>
<doc>Verifies that the element identified by ``locator`` is visible.</doc>
<msg timestamp="20211009 15:13:41.219" level="FAIL">Element with locator 'class=toast-message' not found.</msg>
<status status="FAIL" starttime="20211009 15:13:41.203" endtime="20211009 15:13:41.219"/>
</kw>
<kw name="Element Should Contain" library="SeleniumLibrary">
<arg>${ALERT_MENSAGEM}</arg>
<arg>${status_code}</arg>
<doc>Verifies that element ``locator`` contains text ``expected``.</doc>
<status status="NOT RUN" starttime="20211009 15:13:41.219" endtime="20211009 15:13:41.219"/>
</kw>
<kw name="Click Element" library="SeleniumLibrary">
<arg>${BTN_CLOSE_MENSAGEM}</arg>
<doc>Click the element identified by ``locator``.</doc>
<status status="NOT RUN" starttime="20211009 15:13:41.219" endtime="20211009 15:13:41.219"/>
</kw>
<status status="FAIL" starttime="20211009 15:13:41.203" endtime="20211009 15:13:41.219"/>
</kw>
<kw name="Valida mensagem de login inválido" library="head">
<arg>${msg_status_code}</arg>
<kw name="Element Should Be Visible" library="SeleniumLibrary">
<arg>${ALERT_MENSAGEM}</arg>
<doc>Verifies that the element identified by ``locator`` is visible.</doc>
<msg timestamp="20211009 15:13:41.756" level="INFO">Element 'class=toast-message' is displayed.</msg>
<status status="PASS" starttime="20211009 15:13:41.724" endtime="20211009 15:13:41.764"/>
</kw>
<kw name="Element Should Contain" library="SeleniumLibrary">
<arg>${ALERT_MENSAGEM}</arg>
<arg>${status_code}</arg>
<doc>Verifies that element ``locator`` contains text ``expected``.</doc>
<msg timestamp="20211009 15:13:41.804" level="INFO">Element 'class=toast-message' contains text '401'.</msg>
<status status="PASS" starttime="20211009 15:13:41.764" endtime="20211009 15:13:41.804"/>
</kw>
<kw name="Click Element" library="SeleniumLibrary">
<arg>${BTN_CLOSE_MENSAGEM}</arg>
<doc>Click the element identified by ``locator``.</doc>
<msg timestamp="20211009 15:13:41.804" level="INFO">Clicking element 'class=toast-close-button'.</msg>
<status status="PASS" starttime="20211009 15:13:41.804" endtime="20211009 15:13:41.884"/>
</kw>
<status status="PASS" starttime="20211009 15:13:41.724" endtime="20211009 15:13:41.884"/>
</kw>
<status status="PASS" starttime="20211009 15:13:41.203" endtime="20211009 15:13:41.884"/>
</kw>
<status status="PASS" starttime="20211009 15:13:38.956" endtime="20211009 15:13:41.884"/>
</kw>
<status status="PASS" starttime="20211009 15:13:38.956" endtime="20211009 15:13:41.884"/>
</test>
<test id="s1-s2-t4" name="Email Inválido">
<kw name="Login com credenciais inválidas devem falhar">
<arg>email_invalido_1</arg>
<arg>${SENHA_VALIDA}</arg>
<arg>400</arg>
<kw name="Sleep" library="BuiltIn">
<arg>1s</arg>
<doc>Pauses the test executed for the given time.</doc>
<msg timestamp="20211009 15:13:42.901" level="INFO">Slept 1 second</msg>
<status status="PASS" starttime="20211009 15:13:41.900" endtime="20211009 15:13:42.901"/>
</kw>
<kw name="Input Text" library="SeleniumLibrary">
<arg>${INPUT_EMAIL}</arg>
<arg>${email}</arg>
<arg>clear=True</arg>
<doc>Types the given ``text`` into the text field identified by ``locator``.</doc>
<msg timestamp="20211009 15:13:42.901" level="INFO">Typing text 'email_invalido_1' into text field '//*[@data-test="email"]'.</msg>
<status status="PASS" starttime="20211009 15:13:42.901" endtime="20211009 15:13:43.010"/>
</kw>
<kw name="Input Text" library="SeleniumLibrary">
<arg>${INPUT_SENHA}</arg>
<arg>${senha}</arg>
<arg>clear=True</arg>
<doc>Types the given ``text`` into the text field identified by ``locator``.</doc>
<msg timestamp="20211009 15:13:43.010" level="INFO">Typing text 'qualquersenha' into text field '//*[@data-test="passwd"]'.</msg>
<status status="PASS" starttime="20211009 15:13:43.010" endtime="20211009 15:13:43.066"/>
</kw>
<kw name="Sleep" library="BuiltIn">
<arg>1s</arg>
<doc>Pauses the test executed for the given time.</doc>
<msg timestamp="20211009 15:13:44.075" level="INFO">Slept 1 second</msg>
<status status="PASS" starttime="20211009 15:13:43.066" endtime="20211009 15:13:44.075"/>
</kw>
<kw name="Click Element" library="SeleniumLibrary">
<arg>${BTN_LOGIN}</arg>
<doc>Click the element identified by ``locator``.</doc>
<msg timestamp="20211009 15:13:44.075" level="INFO">Clicking element 'class=btn'.</msg>
<status status="PASS" starttime="20211009 15:13:44.075" endtime="20211009 15:13:44.130"/>
</kw>
<kw name="Wait Until Keyword Succeeds" library="BuiltIn">
<arg>30s</arg>
<arg>500ms</arg>
<arg>Valida mensagem de login inválido</arg>
<arg>${msg_status_code}</arg>
<doc>Runs the specified keyword and retries if it fails.</doc>
<kw name="Valida mensagem de login inválido" library="head">
<arg>${msg_status_code}</arg>
<kw name="Element Should Be Visible" library="SeleniumLibrary">
<arg>${ALERT_MENSAGEM}</arg>
<doc>Verifies that the element identified by ``locator`` is visible.</doc>
<msg timestamp="20211009 15:13:44.146" level="FAIL">Element with locator 'class=toast-message' not found.</msg>
<status status="FAIL" starttime="20211009 15:13:44.138" endtime="20211009 15:13:44.146"/>
</kw>
<kw name="Element Should Contain" library="SeleniumLibrary">
<arg>${ALERT_MENSAGEM}</arg>
<arg>${status_code}</arg>
<doc>Verifies that element ``locator`` contains text ``expected``.</doc>
<status status="NOT RUN" starttime="20211009 15:13:44.146" endtime="20211009 15:13:44.146"/>
</kw>
<kw name="Click Element" library="SeleniumLibrary">
<arg>${BTN_CLOSE_MENSAGEM}</arg>
<doc>Click the element identified by ``locator``.</doc>
<status status="NOT RUN" starttime="20211009 15:13:44.146" endtime="20211009 15:13:44.146"/>
</kw>
<status status="FAIL" starttime="20211009 15:13:44.138" endtime="20211009 15:13:44.146"/>
</kw>
<kw name="Valida mensagem de login inválido" library="head">
<arg>${msg_status_code}</arg>
<kw name="Element Should Be Visible" library="SeleniumLibrary">
<arg>${ALERT_MENSAGEM}</arg>
<doc>Verifies that the element identified by ``locator`` is visible.</doc>
<msg timestamp="20211009 15:13:44.687" level="INFO">Element 'class=toast-message' is displayed.</msg>
<status status="PASS" starttime="20211009 15:13:44.647" endtime="20211009 15:13:44.687"/>
</kw>
<kw name="Element Should Contain" library="SeleniumLibrary">
<arg>${ALERT_MENSAGEM}</arg>
<arg>${status_code}</arg>
<doc>Verifies that element ``locator`` contains text ``expected``.</doc>
<msg timestamp="20211009 15:13:44.726" level="INFO">Element 'class=toast-message' contains text '400'.</msg>
<status status="PASS" starttime="20211009 15:13:44.687" endtime="20211009 15:13:44.726"/>
</kw>
<kw name="Click Element" library="SeleniumLibrary">
<arg>${BTN_CLOSE_MENSAGEM}</arg>
<doc>Click the element identified by ``locator``.</doc>
<msg timestamp="20211009 15:13:44.726" level="INFO">Clicking element 'class=toast-close-button'.</msg>
<status status="PASS" starttime="20211009 15:13:44.726" endtime="20211009 15:13:44.807"/>
</kw>
<status status="PASS" starttime="20211009 15:13:44.647" endtime="20211009 15:13:44.807"/>
</kw>
<status status="PASS" starttime="20211009 15:13:44.138" endtime="20211009 15:13:44.807"/>
</kw>
<status status="PASS" starttime="20211009 15:13:41.900" endtime="20211009 15:13:44.815"/>
</kw>
<status status="PASS" starttime="20211009 15:13:41.892" endtime="20211009 15:13:44.815"/>
</test>
<test id="s1-s2-t5" name="Senha Inválida">
<kw name="Login com credenciais inválidas devem falhar">
<arg>${EMAIL_VALIDO}</arg>
<arg>senha_incorreta</arg>
<arg>401</arg>
<kw name="Sleep" library="BuiltIn">
<arg>1s</arg>
<doc>Pauses the test executed for the given time.</doc>
<msg timestamp="20211009 15:13:45.837" level="INFO">Slept 1 second</msg>
<status status="PASS" starttime="20211009 15:13:44.823" endtime="20211009 15:13:45.837"/>
</kw>
<kw name="Input Text" library="SeleniumLibrary">
<arg>${INPUT_EMAIL}</arg>
<arg>${email}</arg>
<arg>clear=True</arg>
<doc>Types the given ``text`` into the text field identified by ``locator``.</doc>
<msg timestamp="20211009 15:13:45.837" level="INFO">Typing text 'caio@caio' into text field '//*[@data-test="email"]'.</msg>
<status status="PASS" starttime="20211009 15:13:45.837" endtime="20211009 15:13:45.973"/>
</kw>
<kw name="Input Text" library="SeleniumLibrary">
<arg>${INPUT_SENHA}</arg>
<arg>${senha}</arg>
<arg>clear=True</arg>
<doc>Types the given ``text`` into the text field identified by ``locator``.</doc>
<msg timestamp="20211009 15:13:45.973" level="INFO">Typing text 'senha_incorreta' into text field '//*[@data-test="passwd"]'.</msg>
<status status="PASS" starttime="20211009 15:13:45.973" endtime="20211009 15:13:46.125"/>
</kw>
<kw name="Sleep" library="BuiltIn">
<arg>1s</arg>
<doc>Pauses the test executed for the given time.</doc>
<msg timestamp="20211009 15:13:47.134" level="INFO">Slept 1 second</msg>
<status status="PASS" starttime="20211009 15:13:46.125" endtime="20211009 15:13:47.134"/>
</kw>
<kw name="Click Element" library="SeleniumLibrary">
<arg>${BTN_LOGIN}</arg>
<doc>Click the element identified by ``locator``.</doc>
<msg timestamp="20211009 15:13:47.134" level="INFO">Clicking element 'class=btn'.</msg>
<status status="PASS" starttime="20211009 15:13:47.134" endtime="20211009 15:13:47.178"/>
</kw>
<kw name="Wait Until Keyword Succeeds" library="BuiltIn">
<arg>30s</arg>
<arg>500ms</arg>
<arg>Valida mensagem de login inválido</arg>
<arg>${msg_status_code}</arg>
<doc>Runs the specified keyword and retries if it fails.</doc>
<kw name="Valida mensagem de login inválido" library="head">
<arg>${msg_status_code}</arg>
<kw name="Element Should Be Visible" library="SeleniumLibrary">
<arg>${ALERT_MENSAGEM}</arg>
<doc>Verifies that the element identified by ``locator`` is visible.</doc>
<msg timestamp="20211009 15:13:47.201" level="FAIL">Element with locator 'class=toast-message' not found.</msg>
<status status="FAIL" starttime="20211009 15:13:47.178" endtime="20211009 15:13:47.201"/>
</kw>
<kw name="Element Should Contain" library="SeleniumLibrary">
<arg>${ALERT_MENSAGEM}</arg>
<arg>${status_code}</arg>
<doc>Verifies that element ``locator`` contains text ``expected``.</doc>
<status status="NOT RUN" starttime="20211009 15:13:47.201" endtime="20211009 15:13:47.201"/>
</kw>
<kw name="Click Element" library="SeleniumLibrary">
<arg>${BTN_CLOSE_MENSAGEM}</arg>
<doc>Click the element identified by ``locator``.</doc>
<status status="NOT RUN" starttime="20211009 15:13:47.202" endtime="20211009 15:13:47.202"/>
</kw>
<status status="FAIL" starttime="20211009 15:13:47.178" endtime="20211009 15:13:47.204"/>
</kw>
<kw name="Valida mensagem de login inválido" library="head">
<arg>${msg_status_code}</arg>
<kw name="Element Should Be Visible" library="SeleniumLibrary">
<arg>${ALERT_MENSAGEM}</arg>
<doc>Verifies that the element identified by ``locator`` is visible.</doc>
<msg timestamp="20211009 15:13:47.758" level="INFO">Element 'class=toast-message' is displayed.</msg>
<status status="PASS" starttime="20211009 15:13:47.719" endtime="20211009 15:13:47.758"/>
</kw>
<kw name="Element Should Contain" library="SeleniumLibrary">
<arg>${ALERT_MENSAGEM}</arg>
<arg>${status_code}</arg>
<doc>Verifies that element ``locator`` contains text ``expected``.</doc>
<msg timestamp="20211009 15:13:47.790" level="INFO">Element 'class=toast-message' contains text '401'.</msg>
<status status="PASS" starttime="20211009 15:13:47.758" endtime="20211009 15:13:47.790"/>
</kw>
<kw name="Click Element" library="SeleniumLibrary">
<arg>${BTN_CLOSE_MENSAGEM}</arg>
<doc>Click the element identified by ``locator``.</doc>
<msg timestamp="20211009 15:13:47.799" level="INFO">Clicking element 'class=toast-close-button'.</msg>
<status status="PASS" starttime="20211009 15:13:47.799" endtime="20211009 15:13:47.880"/>
</kw>
<status status="PASS" starttime="20211009 15:13:47.719" endtime="20211009 15:13:47.880"/>
</kw>
<status status="PASS" starttime="20211009 15:13:47.178" endtime="20211009 15:13:47.880"/>
</kw>
<status status="PASS" starttime="20211009 15:13:44.823" endtime="20211009 15:13:47.880"/>
</kw>
<status status="PASS" starttime="20211009 15:13:44.815" endtime="20211009 15:13:47.880"/>
</test>
<test id="s1-s2-t6" name="Dados Inválidos">
<kw name="Login com credenciais inválidas devem falhar">
<arg>email_invalido_2</arg>
<arg>teste</arg>
<arg>400</arg>
<kw name="Sleep" library="BuiltIn">
<arg>1s</arg>
<doc>Pauses the test executed for the given time.</doc>
<msg timestamp="20211009 15:13:48.905" level="INFO">Slept 1 second</msg>
<status status="PASS" starttime="20211009 15:13:47.888" endtime="20211009 15:13:48.905"/>
</kw>
<kw name="Input Text" library="SeleniumLibrary">
<arg>${INPUT_EMAIL}</arg>
<arg>${email}</arg>
<arg>clear=True</arg>
<doc>Types the given ``text`` into the text field identified by ``locator``.</doc>
<msg timestamp="20211009 15:13:48.905" level="INFO">Typing text 'email_invalido_2' into text field '//*[@data-test="email"]'.</msg>
<status status="PASS" starttime="20211009 15:13:48.905" endtime="20211009 15:13:49.018"/>
</kw>
<kw name="Input Text" library="SeleniumLibrary">
<arg>${INPUT_SENHA}</arg>
<arg>${senha}</arg>
<arg>clear=True</arg>
<doc>Types the given ``text`` into the text field identified by ``locator``.</doc>
<msg timestamp="20211009 15:13:49.018" level="INFO">Typing text 'teste' into text field '//*[@data-test="passwd"]'.</msg>
<status status="PASS" starttime="20211009 15:13:49.018" endtime="20211009 15:13:49.078"/>
</kw>
<kw name="Sleep" library="BuiltIn">
<arg>1s</arg>
<doc>Pauses the test executed for the given time.</doc>
<msg timestamp="20211009 15:13:50.092" level="INFO">Slept 1 second</msg>
<status status="PASS" starttime="20211009 15:13:49.078" endtime="20211009 15:13:50.092"/>
</kw>
<kw name="Click Element" library="SeleniumLibrary">
<arg>${BTN_LOGIN}</arg>
<doc>Click the element identified by ``locator``.</doc>
<msg timestamp="20211009 15:13:50.092" level="INFO">Clicking element 'class=btn'.</msg>
<status status="PASS" starttime="20211009 15:13:50.092" endtime="20211009 15:13:50.141"/>
</kw>
<kw name="Wait Until Keyword Succeeds" library="BuiltIn">
<arg>30s</arg>
<arg>500ms</arg>
<arg>Valida mensagem de login inválido</arg>
<arg>${msg_status_code}</arg>
<doc>Runs the specified keyword and retries if it fails.</doc>
<kw name="Valida mensagem de login inválido" library="head">
<arg>${msg_status_code}</arg>
<kw name="Element Should Be Visible" library="SeleniumLibrary">
<arg>${ALERT_MENSAGEM}</arg>
<doc>Verifies that the element identified by ``locator`` is visible.</doc>
<msg timestamp="20211009 15:13:50.157" level="FAIL">Element with locator 'class=toast-message' not found.</msg>
<status status="FAIL" starttime="20211009 15:13:50.149" endtime="20211009 15:13:50.157"/>
</kw>
<kw name="Element Should Contain" library="SeleniumLibrary">
<arg>${ALERT_MENSAGEM}</arg>
<arg>${status_code}</arg>
<doc>Verifies that element ``locator`` contains text ``expected``.</doc>
<status status="NOT RUN" starttime="20211009 15:13:50.157" endtime="20211009 15:13:50.157"/>
</kw>
<kw name="Click Element" library="SeleniumLibrary">
<arg>${BTN_CLOSE_MENSAGEM}</arg>
<doc>Click the element identified by ``locator``.</doc>
<status status="NOT RUN" starttime="20211009 15:13:50.157" endtime="20211009 15:13:50.157"/>
</kw>
<status status="FAIL" starttime="20211009 15:13:50.141" endtime="20211009 15:13:50.157"/>
</kw>
<kw name="Valida mensagem de login inválido" library="head">
<arg>${msg_status_code}</arg>
<kw name="Element Should Be Visible" library="SeleniumLibrary">
<arg>${ALERT_MENSAGEM}</arg>
<doc>Verifies that the element identified by ``locator`` is visible.</doc>
<msg timestamp="20211009 15:13:50.701" level="INFO">Element 'class=toast-message' is displayed.</msg>
[...]
<kw name="Element Should Be Visible" library="SeleniumLibrary">
<arg>${ALERT_MENSAGEM}</arg>
<doc>Verifies that the element identified by ``locator`` is visible.</doc>
<msg timestamp="20211009 15:14:28.311" level="INFO">Element 'class=toast-message' is displayed.</msg>
<status status="PASS" starttime="20211009 15:14:28.271" endtime="20211009 15:14:28.311"/>
</kw>
<kw name="Element Should Contain" library="SeleniumLibrary">
<arg>${ALERT_MENSAGEM}</arg>
<arg>${MENSAGEM_LOGADO_SUCESSO}</arg>
<doc>Verifies that element ``locator`` contains text ``expected``.</doc>
<msg timestamp="20211009 15:14:28.351" level="INFO">Element 'class=toast-message' contains text 'Bem vindo'.</msg>
<status status="PASS" starttime="20211009 15:14:28.311" endtime="20211009 15:14:28.351"/>
</kw>
<kw name="Click Element" library="SeleniumLibrary">
<arg>${BTN_CLOSE_MENSAGEM}</arg>
<doc>Click the element identified by ``locator``.</doc>
<msg timestamp="20211009 15:14:28.351" level="INFO">Clicking element 'class=toast-close-button'.</msg>
<status status="PASS" starttime="20211009 15:14:28.351" endtime="20211009 15:14:28.431"/>
</kw>
<status status="PASS" starttime="20211009 15:14:28.271" endtime="20211009 15:14:28.431"/>
</kw>
<status status="PASS" starttime="20211009 15:14:27.274" endtime="20211009 15:14:28.431"/>
</kw>
<kw name="Resetar banco de dados" library="head">
<kw name="Wait Until Element Is Visible" library="SeleniumLibrary">
<arg>${SETTINGS}</arg>
<arg>20s</arg>
<doc>Waits until the element ``locator`` is visible.</doc>
<status status="PASS" starttime="20211009 15:14:28.431" endtime="20211009 15:14:28.471"/>
</kw>
<kw name="Click Element" library="SeleniumLibrary">
<arg>${SETTINGS}</arg>
<doc>Click the element identified by ``locator``.</doc>
<msg timestamp="20211009 15:14:28.471" level="INFO">Clicking element '//*[@data-test="menu-settings"]'.</msg>
<status status="PASS" starttime="20211009 15:14:28.471" endtime="20211009 15:14:28.567"/>
</kw>
<kw name="Wait Until Element Is Visible" library="SeleniumLibrary">
<arg>${RESETAR}</arg>
<arg>20s</arg>
<doc>Waits until the element ``locator`` is visible.</doc>
<status status="PASS" starttime="20211009 15:14:28.567" endtime="20211009 15:14:28.620"/>
</kw>
<kw name="Click Element" library="SeleniumLibrary">
<arg>${RESETAR}</arg>
<doc>Click the element identified by ``locator``.</doc>
<msg timestamp="20211009 15:14:28.620" level="INFO">Clicking element '//*[@href="/reset"]'.</msg>
<status status="PASS" starttime="20211009 15:14:28.620" endtime="20211009 15:14:28.709"/>
</kw>
<status status="PASS" starttime="20211009 15:14:28.431" endtime="20211009 15:14:28.709"/>
</kw>
<kw name="Wait Until Keyword Succeeds" library="BuiltIn">
<arg>20s</arg>
<arg>200ms</arg>
<arg>Valida mensagem de banco de dados resetado com sucesso</arg>
<doc>Runs the specified keyword and retries if it fails.</doc>
<kw name="Valida mensagem de banco de dados resetado com sucesso" library="head">
<kw name="Element Should Be Visible" library="SeleniumLibrary">
<arg>${ALERT_MENSAGEM}</arg>
<doc>Verifies that the element identified by ``locator`` is visible.</doc>
<msg timestamp="20211009 15:14:28.757" level="INFO">Element 'class=toast-message' is displayed.</msg>
<status status="PASS" starttime="20211009 15:14:28.717" endtime="20211009 15:14:28.757"/>
</kw>
<kw name="Element Should Contain" library="SeleniumLibrary">
<arg>${ALERT_MENSAGEM}</arg>
<arg>${MENSAGEM_BANCO_RESETADO_SUCESSO}</arg>
<doc>Verifies that element ``locator`` contains text ``expected``.</doc>
<msg timestamp="20211009 15:14:28.789" level="FAIL">Element 'class=toast-message' should have contained text 'Dados resetados com sucesso!' but its text was 'Bem vindo, Caio!'.</msg>
<status status="FAIL" starttime="20211009 15:14:28.757" endtime="20211009 15:14:28.789"/>
</kw>
<kw name="Click Element" library="SeleniumLibrary">
<arg>${BTN_CLOSE_MENSAGEM}</arg>
<doc>Click the element identified by ``locator``.</doc>
<status status="NOT RUN" starttime="20211009 15:14:28.789" endtime="20211009 15:14:28.789"/>
</kw>
<status status="FAIL" starttime="20211009 15:14:28.717" endtime="20211009 15:14:28.797"/>
</kw>
<kw name="Valida mensagem de banco de dados resetado com sucesso" library="head">
<kw name="Element Should Be Visible" library="SeleniumLibrary">
<arg>${ALERT_MENSAGEM}</arg>
<doc>Verifies that the element identified by ``locator`` is visible.</doc>
<msg timestamp="20211009 15:14:29.049" level="INFO">Element 'class=toast-message' is displayed.</msg>
<status status="PASS" starttime="20211009 15:14:29.009" endtime="20211009 15:14:29.049"/>
</kw>
<kw name="Element Should Contain" library="SeleniumLibrary">
<arg>${ALERT_MENSAGEM}</arg>
<arg>${MENSAGEM_BANCO_RESETADO_SUCESSO}</arg>
<doc>Verifies that element ``locator`` contains text ``expected``.</doc>
<msg timestamp="20211009 15:14:29.081" level="FAIL">Element 'class=toast-message' should have contained text 'Dados resetados com sucesso!' but its text was 'Bem vindo, Caio!'.</msg>
<status status="FAIL" starttime="20211009 15:14:29.049" endtime="20211009 15:14:29.081"/>
</kw>
<kw name="Click Element" library="SeleniumLibrary">
<arg>${BTN_CLOSE_MENSAGEM}</arg>
<doc>Click the element identified by ``locator``.</doc>
<status status="NOT RUN" starttime="20211009 15:14:29.081" endtime="20211009 15:14:29.081"/>
</kw>
<status status="FAIL" starttime="20211009 15:14:29.009" endtime="20211009 15:14:29.081"/>
</kw>
<kw name="Valida mensagem de banco de dados resetado com sucesso" library="head">
<kw name="Element Should Be Visible" library="SeleniumLibrary">
<arg>${ALERT_MENSAGEM}</arg>
<doc>Verifies that the element identified by ``locator`` is visible.</doc>
<msg timestamp="20211009 15:14:29.326" level="INFO">Element 'class=toast-message' is displayed.</msg>
<status status="PASS" starttime="20211009 15:14:29.295" endtime="20211009 15:14:29.326"/>
</kw>
<kw name="Element Should Contain" library="SeleniumLibrary">
<arg>${ALERT_MENSAGEM}</arg>
<arg>${MENSAGEM_BANCO_RESETADO_SUCESSO}</arg>
<doc>Verifies that element ``locator`` contains text ``expected``.</doc>
<msg timestamp="20211009 15:14:29.368" level="INFO">Element 'class=toast-message' contains text 'Dados resetados com sucesso!'.</msg>
<status status="PASS" starttime="20211009 15:14:29.326" endtime="20211009 15:14:29.368"/>
</kw>
<kw name="Click Element" library="SeleniumLibrary">
<arg>${BTN_CLOSE_MENSAGEM}</arg>
<doc>Click the element identified by ``locator``.</doc>
<msg timestamp="20211009 15:14:29.368" level="INFO">Clicking element 'class=toast-close-button'.</msg>
<status status="PASS" starttime="20211009 15:14:29.368" endtime="20211009 15:14:29.454"/>
</kw>
<status status="PASS" starttime="20211009 15:14:29.295" endtime="20211009 15:14:29.454"/>
</kw>
<status status="PASS" starttime="20211009 15:14:28.709" endtime="20211009 15:14:29.454"/>
</kw>
<status status="PASS" starttime="20211009 15:14:27.010" endtime="20211009 15:14:29.454"/>
</kw>
<kw name="Acessar página de extratos" library="head">
<kw name="Wait Until Element Is Visible" library="SeleniumLibrary">
<arg>${SETTINGS}</arg>
<arg>20s</arg>
<doc>Waits until the element ``locator`` is visible.</doc>
<status status="PASS" starttime="20211009 15:14:29.454" endtime="20211009 15:14:29.494"/>
</kw>
<kw name="Click Element" library="SeleniumLibrary">
<arg>${SETTINGS}</arg>
<doc>Click the element identified by ``locator``.</doc>
<msg timestamp="20211009 15:14:29.494" level="INFO">Clicking element '//*[@data-test="menu-settings"]'.</msg>
<status status="PASS" starttime="20211009 15:14:29.494" endtime="20211009 15:14:29.563"/>
</kw>
<kw name="Wait Until Element Is Visible" library="SeleniumLibrary">
<arg>${EXTRATO}</arg>
<arg>20s</arg>
<doc>Waits until the element ``locator`` is visible.</doc>
<status status="PASS" starttime="20211009 15:14:29.563" endtime="20211009 15:14:29.619"/>
</kw>
<kw name="Click Element" library="SeleniumLibrary">
<arg>${EXTRATO}</arg>
<doc>Click the element identified by ``locator``.</doc>
<msg timestamp="20211009 15:14:29.619" level="INFO">Clicking element '//*[@data-test="menu-extrato"]'.</msg>
<status status="PASS" starttime="20211009 15:14:29.619" endtime="20211009 15:14:29.717"/>
</kw>
<status status="PASS" starttime="20211009 15:14:29.454" endtime="20211009 15:14:29.717"/>
</kw>
<kw name="Excluir transação pela descrição" library="extratos">
<arg>Movimentacao para exclusao</arg>
<kw name="Sleep" library="BuiltIn">
<arg>5s</arg>
<doc>Pauses the test executed for the given time.</doc>
<msg timestamp="20211009 15:14:34.719" level="INFO">Slept 5 seconds</msg>
<status status="PASS" starttime="20211009 15:14:29.717" endtime="20211009 15:14:34.719"/>
</kw>
<kw name="Element Should Be Visible" library="SeleniumLibrary">
<arg>xpath=//span[text()="${descricao}"]</arg>
<doc>Verifies that the element identified by ``locator`` is visible.</doc>
<msg timestamp="20211009 15:14:34.757" level="INFO">Element 'xpath=//span[text()="Movimentacao para exclusao"]' is displayed.</msg>
<status status="PASS" starttime="20211009 15:14:34.719" endtime="20211009 15:14:34.757"/>
</kw>
<kw name="Click Element" library="SeleniumLibrary">
<arg>xpath=//span[text()="${descricao}"]${ICONE_LIXEIRA_MOV}</arg>
<doc>Click the element identified by ``locator``.</doc>
<msg timestamp="20211009 15:14:34.757" level="INFO">Clicking element 'xpath=//span[text()="Movimentacao para exclusao"]/../../..//i[@class='far fa-trash-alt']'.</msg>
<status status="PASS" starttime="20211009 15:14:34.757" endtime="20211009 15:14:34.801"/>
</kw>
<kw name="Wait Until Keyword Succeeds" library="BuiltIn">
<arg>20s</arg>
<arg>200ms</arg>
<arg>Valida mensagem de movimentação removida com sucesso</arg>
<doc>Runs the specified keyword and retries if it fails.</doc>
<kw name="Valida mensagem de movimentação removida com sucesso" library="extratos">
<kw name="Element Should Be Visible" library="SeleniumLibrary">
<arg>${ALERT_MENSAGEM}</arg>
<arg>20s</arg>
<doc>Verifies that the element identified by ``locator`` is visible.</doc>
<msg timestamp="20211009 15:14:34.809" level="FAIL">Element with locator 'class=toast-message' not found.</msg>
<status status="FAIL" starttime="20211009 15:14:34.801" endtime="20211009 15:14:34.809"/>
</kw>
<kw name="Element Should Contain" library="SeleniumLibrary">
<arg>${ALERT_MENSAGEM}</arg>
<arg>${MENSAGEM_SUCESSO_TRANSACAO_EXCLUIDA}</arg>
<doc>Verifies that element ``locator`` contains text ``expected``.</doc>
<status status="NOT RUN" starttime="20211009 15:14:34.809" endtime="20211009 15:14:34.809"/>
</kw>
<kw name="Click Element" library="SeleniumLibrary">
<arg>${BTN_CLOSE_MENSAGEM}</arg>
<doc>Click the element identified by ``locator``.</doc>
<status status="NOT RUN" starttime="20211009 15:14:34.809" endtime="20211009 15:14:34.809"/>
</kw>
<status status="FAIL" starttime="20211009 15:14:34.801" endtime="20211009 15:14:34.809"/>
</kw>
<kw name="Valida mensagem de movimentação removida com sucesso" library="extratos">
<kw name="Element Should Be Visible" library="SeleniumLibrary">
<arg>${ALERT_MENSAGEM}</arg>
<arg>20s</arg>
<doc>Verifies that the element identified by ``locator`` is visible.</doc>
<msg timestamp="20211009 15:14:35.032" level="FAIL">Element with locator 'class=toast-message' not found.</msg>
<status status="FAIL" starttime="20211009 15:14:35.016" endtime="20211009 15:14:35.032"/>
</kw>
<kw name="Element Should Contain" library="SeleniumLibrary">
<arg>${ALERT_MENSAGEM}</arg>
<arg>${MENSAGEM_SUCESSO_TRANSACAO_EXCLUIDA}</arg>
<doc>Verifies that element ``locator`` contains text ``expected``.</doc>
<status status="NOT RUN" starttime="20211009 15:14:35.032" endtime="20211009 15:14:35.032"/>
</kw>
<kw name="Click Element" library="SeleniumLibrary">
<arg>${BTN_CLOSE_MENSAGEM}</arg>
<doc>Click the element identified by ``locator``.</doc>
<status status="NOT RUN" starttime="20211009 15:14:35.032" endtime="20211009 15:14:35.032"/>
</kw>
<status status="FAIL" starttime="20211009 15:14:35.016" endtime="20211009 15:14:35.032"/>
</kw>
<kw name="Valida mensagem de movimentação removida com sucesso" library="extratos">
<kw name="Element Should Be Visible" library="SeleniumLibrary">
<arg>${ALERT_MENSAGEM}</arg>
<arg>20s</arg>
<doc>Verifies that the element identified by ``locator`` is visible.</doc>
<msg timestamp="20211009 15:14:35.252" level="FAIL">Element with locator 'class=toast-message' not found.</msg>
<status status="FAIL" starttime="20211009 15:14:35.245" endtime="20211009 15:14:35.260"/>
</kw>
<kw name="Element Should Contain" library="SeleniumLibrary">
<arg>${ALERT_MENSAGEM}</arg>
<arg>${MENSAGEM_SUCESSO_TRANSACAO_EXCLUIDA}</arg>
<doc>Verifies that element ``locator`` contains text ``expected``.</doc>
<status status="NOT RUN" starttime="20211009 15:14:35.260" endtime="20211009 15:14:35.260"/>
</kw>
<kw name="Click Element" library="SeleniumLibrary">
<arg>${BTN_CLOSE_MENSAGEM}</arg>
<doc>Click the element identified by ``locator``.</doc>
<status status="NOT RUN" starttime="20211009 15:14:35.260" endtime="20211009 15:14:35.260"/>
</kw>
<status status="FAIL" starttime="20211009 15:14:35.245" endtime="20211009 15:14:35.260"/>
</kw>
<kw name="Valida mensagem de movimentação removida com sucesso" library="extratos">
<kw name="Element Should Be Visible" library="SeleniumLibrary">
<arg>${ALERT_MENSAGEM}</arg>
<arg>20s</arg>
<doc>Verifies that the element identified by ``locator`` is visible.</doc>
<msg timestamp="20211009 15:14:35.494" level="INFO">Element 'class=toast-message' is displayed.</msg>
<status status="PASS" starttime="20211009 15:14:35.462" endtime="20211009 15:14:35.494"/>
</kw>
<kw name="Element Should Contain" library="SeleniumLibrary">
<arg>${ALERT_MENSAGEM}</arg>
<arg>${MENSAGEM_SUCESSO_TRANSACAO_EXCLUIDA}</arg>
<doc>Verifies that element ``locator`` contains text ``expected``.</doc>
<msg timestamp="20211009 15:14:35.535" level="INFO">Element 'class=toast-message' contains text 'Movimentação removida com sucesso!'.</msg>
<status status="PASS" starttime="20211009 15:14:35.494" endtime="20211009 15:14:35.535"/>
</kw>
<kw name="Click Element" library="SeleniumLibrary">
<arg>${BTN_CLOSE_MENSAGEM}</arg>
<doc>Click the element identified by ``locator``.</doc>
<msg timestamp="20211009 15:14:35.535" level="INFO">Clicking element 'class=toast-close-button'.</msg>
<status status="PASS" starttime="20211009 15:14:35.535" endtime="20211009 15:14:35.607"/>
</kw>
<status status="PASS" starttime="20211009 15:14:35.462" endtime="20211009 15:14:35.615"/>
</kw>
<status status="PASS" starttime="20211009 15:14:34.801" endtime="20211009 15:14:35.615"/>
</kw>
<status status="PASS" starttime="20211009 15:14:29.717" endtime="20211009 15:14:35.615"/>
</kw>
<kw name="Valida a quantidade de transacoes na página" library="extratos">
<arg>6</arg>
<kw name="Get Element Count" library="SeleniumLibrary">
<var>${count}</var>
<arg>${LINHAS_MOVIMENTACOES}</arg>
<doc>Returns the number of elements matching ``locator``.</doc>
<msg timestamp="20211009 15:14:35.639" level="INFO">${count} = 6</msg>
<status status="PASS" starttime="20211009 15:14:35.615" endtime="20211009 15:14:35.639"/>
</kw>
<kw name="Should Be True" library="BuiltIn">
<arg>${count} == ${qtde}</arg>
<doc>Fails if the given condition is not true.</doc>
<status status="PASS" starttime="20211009 15:14:35.639" endtime="20211009 15:14:35.639"/>
</kw>
<status status="PASS" starttime="20211009 15:14:35.615" endtime="20211009 15:14:35.639"/>
</kw>
<kw name="Fazer logout do sistema" library="head" type="TEARDOWN">
<kw name="Run Keyword If Test Failed" library="BuiltIn">
<arg>Print da tela com erro</arg>
<doc>Runs the given keyword with the given arguments, if the test failed.</doc>
<status status="PASS" starttime="20211009 15:14:35.639" endtime="20211009 15:14:35.639"/>
</kw>
<kw name="Wait Until Element Is Visible" library="SeleniumLibrary">
<arg>${SETTINGS}</arg>
<arg>20s</arg>
<doc>Waits until the element ``locator`` is visible.</doc>
<status status="PASS" starttime="20211009 15:14:35.639" endtime="20211009 15:14:35.679"/>
</kw>
<kw name="Click Element" library="SeleniumLibrary">
<arg>${SETTINGS}</arg>
<doc>Click the element identified by ``locator``.</doc>
<msg timestamp="20211009 15:14:35.679" level="INFO">Clicking element '//*[@data-test="menu-settings"]'.</msg>
<status status="PASS" starttime="20211009 15:14:35.679" endtime="20211009 15:14:35.735"/>
</kw>
<kw name="Wait Until Element Is Visible" library="SeleniumLibrary">
<arg>${SAIR}</arg>
<arg>20s</arg>
<doc>Waits until the element ``locator`` is visible.</doc>
<status status="PASS" starttime="20211009 15:14:35.735" endtime="20211009 15:14:35.775"/>
</kw>
<kw name="Click Element" library="SeleniumLibrary">
<arg>${SAIR}</arg>
<doc>Click the element identified by ``locator``.</doc>
<msg timestamp="20211009 15:14:35.775" level="INFO">Clicking element '//*[@href="/logout"]'.</msg>
<status status="PASS" starttime="20211009 15:14:35.775" endtime="20211009 15:14:35.879"/>
</kw>
<kw name="Wait Until Keyword Succeeds" library="BuiltIn">
<arg>20s</arg>
<arg>200ms</arg>
<arg>Valida mensagem de deslogado com sucesso</arg>
<doc>Runs the specified keyword and retries if it fails.</doc>
<kw name="Valida mensagem de deslogado com sucesso" library="head">
<kw name="Element Should Be Visible" library="SeleniumLibrary">
<arg>${ALERT_MENSAGEM}</arg>
<doc>Verifies that the element identified by ``locator`` is visible.</doc>
<msg timestamp="20211009 15:14:35.919" level="INFO">Element 'class=toast-message' is displayed.</msg>
<status status="PASS" starttime="20211009 15:14:35.887" endtime="20211009 15:14:35.919"/>
</kw>
<kw name="Element Should Contain" library="SeleniumLibrary">
<arg>${ALERT_MENSAGEM}</arg>
<arg>${MENSAGEM_DESLOGADO_SUCESSO}</arg>
<doc>Verifies that element ``locator`` contains text ``expected``.</doc>
<msg timestamp="20211009 15:14:35.959" level="INFO">Element 'class=toast-message' contains text 'Até Logo!'.</msg>
<status status="PASS" starttime="20211009 15:14:35.919" endtime="20211009 15:14:35.959"/>
</kw>
<kw name="Click Element" library="SeleniumLibrary">
<arg>${BTN_CLOSE_MENSAGEM}</arg>
<doc>Click the element identified by ``locator``.</doc>
<msg timestamp="20211009 15:14:35.959" level="INFO">Clicking element 'class=toast-close-button'.</msg>
<status status="PASS" starttime="20211009 15:14:35.959" endtime="20211009 15:14:36.047"/>
</kw>
<status status="PASS" starttime="20211009 15:14:35.879" endtime="20211009 15:14:36.047"/>
</kw>
<status status="PASS" starttime="20211009 15:14:35.879" endtime="20211009 15:14:36.047"/>
</kw>
<status status="PASS" starttime="20211009 15:14:35.639" endtime="20211009 15:14:36.047"/>
</kw>
<status status="PASS" starttime="20211009 15:14:27.002" endtime="20211009 15:14:36.047"/>
</test>
<kw name="Fechar navegador" library="login" type="TEARDOWN">
<kw name="Close Browser" library="SeleniumLibrary">
<doc>Closes the current browser.</doc>
<status status="PASS" starttime="20211009 15:14:36.063" endtime="20211009 15:14:38.223"/>
</kw>
<status status="PASS" starttime="20211009 15:14:36.063" endtime="20211009 15:14:38.223"/>
</kw>
<doc>Testes para validar o CRUD de movimentações</doc>
<status status="PASS" starttime="20211009 15:13:52.995" endtime="20211009 15:14:38.223"/>
</suite>
<status status="PASS" starttime="20211009 15:13:15.286" endtime="20211009 15:14:38.231"/>
</suite>
<statistics>
<total>
<stat pass="11" fail="0" skip="0">All Tests</stat>
</total>
<tag>
</tag>
<suite>
<stat pass="11" fail="0" skip="0" id="s1" name="Contas &amp; Login Invalido &amp; Movimentacoes">Contas &amp; Login Invalido &amp; Movimentacoes</stat>
<stat pass="2" fail="0" skip="0" id="s1-s1" name="Contas">Contas &amp; Login Invalido &amp; Movimentacoes.Contas</stat>
<stat pass="6" fail="0" skip="0" id="s1-s2" name="Login Invalido">Contas &amp; Login Invalido &amp; Movimentacoes.Login Invalido</stat>
<stat pass="3" fail="0" skip="0" id="s1-s3" name="Movimentacoes">Contas &amp; Login Invalido &amp; Movimentacoes.Movimentacoes</stat>
</suite>
</statistics>
<errors>
</errors>
</robot>
